INFO - 2024-05-04 16:04:52 --> 
INFO - 2024-05-04 16:04:52 --> select *, (select tenDanhMucTaiLieu from DanhMucTaiLieu where DanhMucTaiLieu.maDanhMucTaiLieu = TaiLieu.maDanhMucTaiLieu) as tenDanhMucTaiLieu , (select tenDangNhap from NguoiDung where NguoiDung.maNguoiDung = taiLieu.maNguoiDung) as tenNguoiDungTai, (select tenDangNhap from NguoiDung where NguoiDung.maNguoiDung = taiLieu.maNguoiDungCapNhatCuoi) as tenNguoiDungCapNhat from TaiLieu where soHieuTL like '%%' or maDanhMucTaiLieu like '%%' or thoiGianBanHanh like '%%' or tenTaiLieu like '%%';
INFO - 2024-05-04 16:05:12 --> 
INFO - 2024-05-04 16:05:12 --> select *, (select tenDanhMucTaiLieu from DanhMucTaiLieu where DanhMucTaiLieu.maDanhMucTaiLieu = TaiLieu.maDanhMucTaiLieu) as tenDanhMucTaiLieu , (select tenDangNhap from NguoiDung where NguoiDung.maNguoiDung = taiLieu.maNguoiDung) as tenNguoiDungTai, (select tenDangNhap from NguoiDung where NguoiDung.maNguoiDung = taiLieu.maNguoiDungCapNhatCuoi) as tenNguoiDungCapNhat from TaiLieu where soHieuTL like '%146%' or maDanhMucTaiLieu like '%%' or thoiGianBanHanh like '%%' or tenTaiLieu like '%%';
INFO - 2024-05-04 16:05:13 --> 
INFO - 2024-05-04 16:05:13 --> select *, (select tenDanhMucTaiLieu from DanhMucTaiLieu where DanhMucTaiLieu.maDanhMucTaiLieu = TaiLieu.maDanhMucTaiLieu) as tenDanhMucTaiLieu , (select tenDangNhap from NguoiDung where NguoiDung.maNguoiDung = taiLieu.maNguoiDung) as tenNguoiDungTai, (select tenDangNhap from NguoiDung where NguoiDung.maNguoiDung = taiLieu.maNguoiDungCapNhatCuoi) as tenNguoiDungCapNhat from TaiLieu where soHieuTL like '%146%' or maDanhMucTaiLieu like '%%' or thoiGianBanHanh like '%%' or tenTaiLieu like '%%';
INFO - 2024-05-04 16:05:14 --> 
INFO - 2024-05-04 16:05:14 --> select *, (select tenDanhMucTaiLieu from DanhMucTaiLieu where DanhMucTaiLieu.maDanhMucTaiLieu = TaiLieu.maDanhMucTaiLieu) as tenDanhMucTaiLieu , (select tenDangNhap from NguoiDung where NguoiDung.maNguoiDung = taiLieu.maNguoiDung) as tenNguoiDungTai, (select tenDangNhap from NguoiDung where NguoiDung.maNguoiDung = taiLieu.maNguoiDungCapNhatCuoi) as tenNguoiDungCapNhat from TaiLieu where soHieuTL like '%146%' or maDanhMucTaiLieu like '%%' or thoiGianBanHanh like '%%' or tenTaiLieu like '%%';
INFO - 2024-05-04 16:05:14 --> 
INFO - 2024-05-04 16:05:14 --> select *, (select tenDanhMucTaiLieu from DanhMucTaiLieu where DanhMucTaiLieu.maDanhMucTaiLieu = TaiLieu.maDanhMucTaiLieu) as tenDanhMucTaiLieu , (select tenDangNhap from NguoiDung where NguoiDung.maNguoiDung = taiLieu.maNguoiDung) as tenNguoiDungTai, (select tenDangNhap from NguoiDung where NguoiDung.maNguoiDung = taiLieu.maNguoiDungCapNhatCuoi) as tenNguoiDungCapNhat from TaiLieu where soHieuTL like '%146%' or maDanhMucTaiLieu like '%%' or thoiGianBanHanh like '%%' or tenTaiLieu like '%%';
INFO - 2024-05-04 16:05:15 --> 
INFO - 2024-05-04 16:05:15 --> select *, (select tenDanhMucTaiLieu from DanhMucTaiLieu where DanhMucTaiLieu.maDanhMucTaiLieu = TaiLieu.maDanhMucTaiLieu) as tenDanhMucTaiLieu , (select tenDangNhap from NguoiDung where NguoiDung.maNguoiDung = taiLieu.maNguoiDung) as tenNguoiDungTai, (select tenDangNhap from NguoiDung where NguoiDung.maNguoiDung = taiLieu.maNguoiDungCapNhatCuoi) as tenNguoiDungCapNhat from TaiLieu where soHieuTL like '%146%' or maDanhMucTaiLieu like '%%' or thoiGianBanHanh like '%%' or tenTaiLieu like '%%';
INFO - 2024-05-04 16:05:15 --> 
INFO - 2024-05-04 16:05:15 --> select *, (select tenDanhMucTaiLieu from DanhMucTaiLieu where DanhMucTaiLieu.maDanhMucTaiLieu = TaiLieu.maDanhMucTaiLieu) as tenDanhMucTaiLieu , (select tenDangNhap from NguoiDung where NguoiDung.maNguoiDung = taiLieu.maNguoiDung) as tenNguoiDungTai, (select tenDangNhap from NguoiDung where NguoiDung.maNguoiDung = taiLieu.maNguoiDungCapNhatCuoi) as tenNguoiDungCapNhat from TaiLieu where soHieuTL like '%146%' or maDanhMucTaiLieu like '%%' or thoiGianBanHanh like '%%' or tenTaiLieu like '%%';
INFO - 2024-05-04 16:06:18 --> 
INFO - 2024-05-04 16:06:18 --> select *, (select tenDanhMucTaiLieu from DanhMucTaiLieu where DanhMucTaiLieu.maDanhMucTaiLieu = TaiLieu.maDanhMucTaiLieu) as tenDanhMucTaiLieu , (select tenDangNhap from NguoiDung where NguoiDung.maNguoiDung = taiLieu.maNguoiDung) as tenNguoiDungTai, (select tenDangNhap from NguoiDung where NguoiDung.maNguoiDung = taiLieu.maNguoiDungCapNhatCuoi) as tenNguoiDungCapNhat from TaiLieu where soHieuTL like '%146%' or maDanhMucTaiLieu like '%%' or thoiGianBanHanh like '%%' or tenTaiLieu like '%%';
INFO - 2024-05-04 16:30:39 --> 
INFO - 2024-05-04 16:30:39 --> select *, (select tenDanhMucTaiLieu from DanhMucTaiLieu where DanhMucTaiLieu.maDanhMucTaiLieu = TaiLieu.maDanhMucTaiLieu) as tenDanhMucTaiLieu , (select tenDangNhap from NguoiDung where NguoiDung.maNguoiDung = taiLieu.maNguoiDung) as tenNguoiDungTai, (select tenDangNhap from NguoiDung where NguoiDung.maNguoiDung = taiLieu.maNguoiDungCapNhatCuoi) as tenNguoiDungCapNhat from TaiLieu where soHieuTL like '%%' or maDanhMucTaiLieu like '%%' or thoiGianBanHanh like '%%' or tenTaiLieu like '%%';
INFO - 2024-05-04 16:31:55 --> select *, (select tenDanhMucTaiLieu from DanhMucTaiLieu where DanhMucTaiLieu.maDanhMucTaiLieu = TaiLieu.maDanhMucTaiLieu) as tenDanhMucTaiLieu , (select tenDangNhap from NguoiDung where NguoiDung.maNguoiDung = taiLieu.maNguoiDung) as tenNguoiDungTai, (select tenDangNhap from NguoiDung where NguoiDung.maNguoiDung = taiLieu.maNguoiDungCapNhatCuoi) as tenNguoiDungCapNhat from TaiLieu where soHieuTL like '%%' or maDanhMucTaiLieu like '%%' or thoiGianBanHanh like '%%' or tenTaiLieu like '%%';
INFO - 2024-05-04 16:31:59 --> select *, (select tenDanhMucTaiLieu from DanhMucTaiLieu where DanhMucTaiLieu.maDanhMucTaiLieu = TaiLieu.maDanhMucTaiLieu) as tenDanhMucTaiLieu , (select tenDangNhap from NguoiDung where NguoiDung.maNguoiDung = taiLieu.maNguoiDung) as tenNguoiDungTai, (select tenDangNhap from NguoiDung where NguoiDung.maNguoiDung = taiLieu.maNguoiDungCapNhatCuoi) as tenNguoiDungCapNhat from TaiLieu where soHieuTL like '%76%' or maDanhMucTaiLieu like '%%' or thoiGianBanHanh like '%%' or tenTaiLieu like '%76%';
INFO - 2024-05-04 16:32:00 --> select *, (select tenDanhMucTaiLieu from DanhMucTaiLieu where DanhMucTaiLieu.maDanhMucTaiLieu = TaiLieu.maDanhMucTaiLieu) as tenDanhMucTaiLieu , (select tenDangNhap from NguoiDung where NguoiDung.maNguoiDung = taiLieu.maNguoiDung) as tenNguoiDungTai, (select tenDangNhap from NguoiDung where NguoiDung.maNguoiDung = taiLieu.maNguoiDungCapNhatCuoi) as tenNguoiDungCapNhat from TaiLieu where soHieuTL like '%76%' or maDanhMucTaiLieu like '%%' or thoiGianBanHanh like '%%' or tenTaiLieu like '%76%';
INFO - 2024-05-04 16:32:00 --> select *, (select tenDanhMucTaiLieu from DanhMucTaiLieu where DanhMucTaiLieu.maDanhMucTaiLieu = TaiLieu.maDanhMucTaiLieu) as tenDanhMucTaiLieu , (select tenDangNhap from NguoiDung where NguoiDung.maNguoiDung = taiLieu.maNguoiDung) as tenNguoiDungTai, (select tenDangNhap from NguoiDung where NguoiDung.maNguoiDung = taiLieu.maNguoiDungCapNhatCuoi) as tenNguoiDungCapNhat from TaiLieu where soHieuTL like '%76%' or maDanhMucTaiLieu like '%%' or thoiGianBanHanh like '%%' or tenTaiLieu like '%76%';
INFO - 2024-05-04 16:32:36 --> select *, (select tenDanhMucTaiLieu from DanhMucTaiLieu where DanhMucTaiLieu.maDanhMucTaiLieu = TaiLieu.maDanhMucTaiLieu) as tenDanhMucTaiLieu , (select tenDangNhap from NguoiDung where NguoiDung.maNguoiDung = taiLieu.maNguoiDung) as tenNguoiDungTai, (select tenDangNhap from NguoiDung where NguoiDung.maNguoiDung = taiLieu.maNguoiDungCapNhatCuoi) as tenNguoiDungCapNhat from TaiLieu where soHieuTL like '%%' or maDanhMucTaiLieu like '%%' or thoiGianBanHanh like '%%' or tenTaiLieu like '%%';
INFO - 2024-05-04 16:32:40 --> select *, (select tenDanhMucTaiLieu from DanhMucTaiLieu where DanhMucTaiLieu.maDanhMucTaiLieu = TaiLieu.maDanhMucTaiLieu) as tenDanhMucTaiLieu , (select tenDangNhap from NguoiDung where NguoiDung.maNguoiDung = taiLieu.maNguoiDung) as tenNguoiDungTai, (select tenDangNhap from NguoiDung where NguoiDung.maNguoiDung = taiLieu.maNguoiDungCapNhatCuoi) as tenNguoiDungCapNhat from TaiLieu where soHieuTL like '%76%' or maDanhMucTaiLieu like '%%' or thoiGianBanHanh like '%%' or tenTaiLieu like '%76%';
INFO - 2024-05-04 16:32:41 --> select *, (select tenDanhMucTaiLieu from DanhMucTaiLieu where DanhMucTaiLieu.maDanhMucTaiLieu = TaiLieu.maDanhMucTaiLieu) as tenDanhMucTaiLieu , (select tenDangNhap from NguoiDung where NguoiDung.maNguoiDung = taiLieu.maNguoiDung) as tenNguoiDungTai, (select tenDangNhap from NguoiDung where NguoiDung.maNguoiDung = taiLieu.maNguoiDungCapNhatCuoi) as tenNguoiDungCapNhat from TaiLieu where soHieuTL like '%76%' or maDanhMucTaiLieu like '%%' or thoiGianBanHanh like '%%' or tenTaiLieu like '%76%';
INFO - 2024-05-04 16:32:51 --> select *, (select tenDanhMucTaiLieu from DanhMucTaiLieu where DanhMucTaiLieu.maDanhMucTaiLieu = TaiLieu.maDanhMucTaiLieu) as tenDanhMucTaiLieu , (select tenDangNhap from NguoiDung where NguoiDung.maNguoiDung = taiLieu.maNguoiDung) as tenNguoiDungTai, (select tenDangNhap from NguoiDung where NguoiDung.maNguoiDung = taiLieu.maNguoiDungCapNhatCuoi) as tenNguoiDungCapNhat from TaiLieu where soHieuTL like '%146/QĐ%' or maDanhMucTaiLieu like '%%' or thoiGianBanHanh like '%%' or tenTaiLieu like '%146/QĐ%';
INFO - 2024-05-04 16:32:52 --> select *, (select tenDanhMucTaiLieu from DanhMucTaiLieu where DanhMucTaiLieu.maDanhMucTaiLieu = TaiLieu.maDanhMucTaiLieu) as tenDanhMucTaiLieu , (select tenDangNhap from NguoiDung where NguoiDung.maNguoiDung = taiLieu.maNguoiDung) as tenNguoiDungTai, (select tenDangNhap from NguoiDung where NguoiDung.maNguoiDung = taiLieu.maNguoiDungCapNhatCuoi) as tenNguoiDungCapNhat from TaiLieu where soHieuTL like '%146/QĐ%' or maDanhMucTaiLieu like '%%' or thoiGianBanHanh like '%%' or tenTaiLieu like '%146/QĐ%';
INFO - 2024-05-04 16:32:52 --> select *, (select tenDanhMucTaiLieu from DanhMucTaiLieu where DanhMucTaiLieu.maDanhMucTaiLieu = TaiLieu.maDanhMucTaiLieu) as tenDanhMucTaiLieu , (select tenDangNhap from NguoiDung where NguoiDung.maNguoiDung = taiLieu.maNguoiDung) as tenNguoiDungTai, (select tenDangNhap from NguoiDung where NguoiDung.maNguoiDung = taiLieu.maNguoiDungCapNhatCuoi) as tenNguoiDungCapNhat from TaiLieu where soHieuTL like '%146/QĐ%' or maDanhMucTaiLieu like '%%' or thoiGianBanHanh like '%%' or tenTaiLieu like '%146/QĐ%';
INFO - 2024-05-04 16:35:32 --> select *, (select tenDanhMucTaiLieu from DanhMucTaiLieu where DanhMucTaiLieu.maDanhMucTaiLieu = TaiLieu.maDanhMucTaiLieu) as tenDanhMucTaiLieu , (select tenDangNhap from NguoiDung where NguoiDung.maNguoiDung = taiLieu.maNguoiDung) as tenNguoiDungTai, (select tenDangNhap from NguoiDung where NguoiDung.maNguoiDung = taiLieu.maNguoiDungCapNhatCuoi) as tenNguoiDungCapNhat from TaiLieu where soHieuTL like '%%' or maDanhMucTaiLieu = '%%' or thoiGianBanHanh = '%%' or tenTaiLieu like '%%';
INFO - 2024-05-04 16:35:39 --> select *, (select tenDanhMucTaiLieu from DanhMucTaiLieu where DanhMucTaiLieu.maDanhMucTaiLieu = TaiLieu.maDanhMucTaiLieu) as tenDanhMucTaiLieu , (select tenDangNhap from NguoiDung where NguoiDung.maNguoiDung = taiLieu.maNguoiDung) as tenNguoiDungTai, (select tenDangNhap from NguoiDung where NguoiDung.maNguoiDung = taiLieu.maNguoiDungCapNhatCuoi) as tenNguoiDungCapNhat from TaiLieu where soHieuTL like '%241%' or maDanhMucTaiLieu = '%%' or thoiGianBanHanh = '%%' or tenTaiLieu like '%241%';
INFO - 2024-05-04 16:35:44 --> select *, (select tenDanhMucTaiLieu from DanhMucTaiLieu where DanhMucTaiLieu.maDanhMucTaiLieu = TaiLieu.maDanhMucTaiLieu) as tenDanhMucTaiLieu , (select tenDangNhap from NguoiDung where NguoiDung.maNguoiDung = taiLieu.maNguoiDung) as tenNguoiDungTai, (select tenDangNhap from NguoiDung where NguoiDung.maNguoiDung = taiLieu.maNguoiDungCapNhatCuoi) as tenNguoiDungCapNhat from TaiLieu where soHieuTL like '%%' or maDanhMucTaiLieu = '%%' or thoiGianBanHanh = '%%' or tenTaiLieu like '%%';
INFO - 2024-05-04 16:35:50 --> select *, (select tenDanhMucTaiLieu from DanhMucTaiLieu where DanhMucTaiLieu.maDanhMucTaiLieu = TaiLieu.maDanhMucTaiLieu) as tenDanhMucTaiLieu , (select tenDangNhap from NguoiDung where NguoiDung.maNguoiDung = taiLieu.maNguoiDung) as tenNguoiDungTai, (select tenDangNhap from NguoiDung where NguoiDung.maNguoiDung = taiLieu.maNguoiDungCapNhatCuoi) as tenNguoiDungCapNhat from TaiLieu where soHieuTL like '%Ban%' or maDanhMucTaiLieu = '%%' or thoiGianBanHanh = '%%' or tenTaiLieu like '%Ban%';
INFO - 2024-05-04 16:35:53 --> select *, (select tenDanhMucTaiLieu from DanhMucTaiLieu where DanhMucTaiLieu.maDanhMucTaiLieu = TaiLieu.maDanhMucTaiLieu) as tenDanhMucTaiLieu , (select tenDangNhap from NguoiDung where NguoiDung.maNguoiDung = taiLieu.maNguoiDung) as tenNguoiDungTai, (select tenDangNhap from NguoiDung where NguoiDung.maNguoiDung = taiLieu.maNguoiDungCapNhatCuoi) as tenNguoiDungCapNhat from TaiLieu where soHieuTL like '%%' or maDanhMucTaiLieu = '%%' or thoiGianBanHanh = '%%' or tenTaiLieu like '%%';
INFO - 2024-05-04 16:35:59 --> select *, (select tenDanhMucTaiLieu from DanhMucTaiLieu where DanhMucTaiLieu.maDanhMucTaiLieu = TaiLieu.maDanhMucTaiLieu) as tenDanhMucTaiLieu , (select tenDangNhap from NguoiDung where NguoiDung.maNguoiDung = taiLieu.maNguoiDung) as tenNguoiDungTai, (select tenDangNhap from NguoiDung where NguoiDung.maNguoiDung = taiLieu.maNguoiDungCapNhatCuoi) as tenNguoiDungCapNhat from TaiLieu where soHieuTL like '%%' or maDanhMucTaiLieu = '%loaitl_662faffaee2672.69135042%' or thoiGianBanHanh = '%%' or tenTaiLieu like '%%';
INFO - 2024-05-04 16:36:17 --> select *, (select tenDanhMucTaiLieu from DanhMucTaiLieu where DanhMucTaiLieu.maDanhMucTaiLieu = TaiLieu.maDanhMucTaiLieu) as tenDanhMucTaiLieu , (select tenDangNhap from NguoiDung where NguoiDung.maNguoiDung = taiLieu.maNguoiDung) as tenNguoiDungTai, (select tenDangNhap from NguoiDung where NguoiDung.maNguoiDung = taiLieu.maNguoiDungCapNhatCuoi) as tenNguoiDungCapNhat from TaiLieu where soHieuTL like '%%' or maDanhMucTaiLieu = '%loaitl_662fbd86d92917.58590916%' or thoiGianBanHanh = '%%' or tenTaiLieu like '%%';
INFO - 2024-05-04 16:36:18 --> select *, (select tenDanhMucTaiLieu from DanhMucTaiLieu where DanhMucTaiLieu.maDanhMucTaiLieu = TaiLieu.maDanhMucTaiLieu) as tenDanhMucTaiLieu , (select tenDangNhap from NguoiDung where NguoiDung.maNguoiDung = taiLieu.maNguoiDung) as tenNguoiDungTai, (select tenDangNhap from NguoiDung where NguoiDung.maNguoiDung = taiLieu.maNguoiDungCapNhatCuoi) as tenNguoiDungCapNhat from TaiLieu where soHieuTL like '%%' or maDanhMucTaiLieu = '%loaitl_662fbd86d92917.58590916%' or thoiGianBanHanh = '%%' or tenTaiLieu like '%%';
INFO - 2024-05-04 16:38:45 --> select *, (select tenDanhMucTaiLieu from DanhMucTaiLieu where DanhMucTaiLieu.maDanhMucTaiLieu = TaiLieu.maDanhMucTaiLieu) as tenDanhMucTaiLieu , (select tenDangNhap from NguoiDung where NguoiDung.maNguoiDung = taiLieu.maNguoiDung) as tenNguoiDungTai, (select tenDangNhap from NguoiDung where NguoiDung.maNguoiDung = taiLieu.maNguoiDungCapNhatCuoi) as tenNguoiDungCapNhat from TaiLieu where soHieuTL like '%%' or maDanhMucTaiLieu = '%loaitl_662fbd86d92917.58590916%' or thoiGianBanHanh = '%%' or tenTaiLieu like '%%';
CRITICAL - 2024-05-04 23:40:36 --> Error: Call to undefined method App\Controllers\BaiDangController::template()
[Method: GET, Route: cate/gioi-thieu/cac-don-vi-cua-hoi/hoi-lhpn-ninh-kieu]
in APPPATH\Controllers\BaiDangController.php on line 189.
 1 SYSTEMPATH\CodeIgniter.php(933): App\Controllers\BaiDangController->show_blog_danh_muc()
 2 SYSTEMPATH\CodeIgniter.php(509): CodeIgniter\CodeIgniter->runController()
 3 SYSTEMPATH\CodeIgniter.php(355): CodeIgniter\CodeIgniter->handleRequest()
 4 SYSTEMPATH\Boot.php(312): CodeIgniter\CodeIgniter->run()
 5 SYSTEMPATH\Boot.php(67): CodeIgniter\Boot::runCodeIgniter()
 6 FCPATH\index.php(56): CodeIgniter\Boot::bootWeb()
CRITICAL - 2024-05-04 23:40:43 --> ErrorException: Undefined array key 0
[Method: GET, Route: cate/gioi-thieu/cac-don-vi-cua-hoi/hoi-lhpn-ninh-kieu]
in APPPATH\Controllers\BaseController.php on line 135.
 1 APPPATH\Controllers\BaseController.php(135): CodeIgniter\Debug\Exceptions->errorHandler()
 2 APPPATH\Controllers\BaiDangController.php(189): App\Controllers\BaseController->template()
 3 SYSTEMPATH\CodeIgniter.php(933): App\Controllers\BaiDangController->show_blog_danh_muc()
 4 SYSTEMPATH\CodeIgniter.php(509): CodeIgniter\CodeIgniter->runController()
 5 SYSTEMPATH\CodeIgniter.php(355): CodeIgniter\CodeIgniter->handleRequest()
 6 SYSTEMPATH\Boot.php(312): CodeIgniter\CodeIgniter->run()
 7 SYSTEMPATH\Boot.php(67): CodeIgniter\Boot::runCodeIgniter()
 8 FCPATH\index.php(56): CodeIgniter\Boot::bootWeb()
CRITICAL - 2024-05-04 23:40:49 --> ErrorException: Undefined array key 0
[Method: GET, Route: cate/gioi-thieu/qua-trinh-phat-trien]
in APPPATH\Controllers\BaseController.php on line 135.
 1 APPPATH\Controllers\BaseController.php(135): CodeIgniter\Debug\Exceptions->errorHandler()
 2 APPPATH\Controllers\BaiDangController.php(189): App\Controllers\BaseController->template()
 3 SYSTEMPATH\CodeIgniter.php(933): App\Controllers\BaiDangController->show_blog_danh_muc()
 4 SYSTEMPATH\CodeIgniter.php(509): CodeIgniter\CodeIgniter->runController()
 5 SYSTEMPATH\CodeIgniter.php(355): CodeIgniter\CodeIgniter->handleRequest()
 6 SYSTEMPATH\Boot.php(312): CodeIgniter\CodeIgniter->run()
 7 SYSTEMPATH\Boot.php(67): CodeIgniter\Boot::runCodeIgniter()
 8 FCPATH\index.php(56): CodeIgniter\Boot::bootWeb()
CRITICAL - 2024-05-04 23:41:36 --> Error: Cannot access protected property CodeIgniter\HTTP\IncomingRequest::$uri
[Method: GET, Route: /]
in APPPATH\Controllers\BaseController.php on line 100.
 1 APPPATH\Controllers\HomeController.php(32): App\Controllers\BaseController->template()
 2 SYSTEMPATH\CodeIgniter.php(933): App\Controllers\HomeController->index()
 3 SYSTEMPATH\CodeIgniter.php(509): CodeIgniter\CodeIgniter->runController()
 4 SYSTEMPATH\CodeIgniter.php(355): CodeIgniter\CodeIgniter->handleRequest()
 5 SYSTEMPATH\Boot.php(312): CodeIgniter\CodeIgniter->run()
 6 SYSTEMPATH\Boot.php(67): CodeIgniter\Boot::runCodeIgniter()
 7 FCPATH\index.php(56): CodeIgniter\Boot::bootWeb()
CRITICAL - 2024-05-04 23:41:40 --> Error: Cannot access protected property CodeIgniter\HTTP\IncomingRequest::$uri
[Method: GET, Route: /]
in APPPATH\Controllers\BaseController.php on line 100.
 1 APPPATH\Controllers\HomeController.php(32): App\Controllers\BaseController->template()
 2 SYSTEMPATH\CodeIgniter.php(933): App\Controllers\HomeController->index()
 3 SYSTEMPATH\CodeIgniter.php(509): CodeIgniter\CodeIgniter->runController()
 4 SYSTEMPATH\CodeIgniter.php(355): CodeIgniter\CodeIgniter->handleRequest()
 5 SYSTEMPATH\Boot.php(312): CodeIgniter\CodeIgniter->run()
 6 SYSTEMPATH\Boot.php(67): CodeIgniter\Boot::runCodeIgniter()
 7 FCPATH\index.php(56): CodeIgniter\Boot::bootWeb()
CRITICAL - 2024-05-04 23:49:22 --> ErrorException: Undefined array key 0
[Method: GET, Route: cate/gioi-thieu/cac-don-vi-cua-hoi/hoi-lhpn-cai-rang]
in APPPATH\Models\ChuyenMucModels.php on line 102.
 1 APPPATH\Models\ChuyenMucModels.php(102): CodeIgniter\Debug\Exceptions->errorHandler()
 2 APPPATH\Controllers\BaseController.php(107): App\Models\ChuyenMucModels->lay_ten_chuyen_muc_url()
 3 APPPATH\Controllers\BaiDangController.php(189): App\Controllers\BaseController->template()
 4 SYSTEMPATH\CodeIgniter.php(933): App\Controllers\BaiDangController->show_blog_danh_muc()
 5 SYSTEMPATH\CodeIgniter.php(509): CodeIgniter\CodeIgniter->runController()
 6 SYSTEMPATH\CodeIgniter.php(355): CodeIgniter\CodeIgniter->handleRequest()
 7 SYSTEMPATH\Boot.php(312): CodeIgniter\CodeIgniter->run()
 8 SYSTEMPATH\Boot.php(67): CodeIgniter\Boot::runCodeIgniter()
 9 FCPATH\index.php(56): CodeIgniter\Boot::bootWeb()
CRITICAL - 2024-05-04 23:57:06 --> ErrorException: Undefined array key "name"
[Method: GET, Route: cate/gioi-thieu/cac-don-vi-cua-hoi]
in APPPATH\Views\templates\Layout.php on line 78.
 1 APPPATH\Views\templates\Layout.php(78): CodeIgniter\Debug\Exceptions->errorHandler()
 2 SYSTEMPATH\View\View.php(234): include('C:\\OSPanel\\domains\\phunu.cantho.gov.vietnam\\app\\Views\\templates\\Layout.php')
 3 SYSTEMPATH\View\View.php(237): CodeIgniter\View\View->CodeIgniter\View\{closure}()
 4 SYSTEMPATH\Common.php(1171): CodeIgniter\View\View->render()
 5 APPPATH\Controllers\BaseController.php(120): view()
 6 APPPATH\Controllers\BaiDangController.php(189): App\Controllers\BaseController->template()
 7 SYSTEMPATH\CodeIgniter.php(933): App\Controllers\BaiDangController->show_blog_danh_muc()
 8 SYSTEMPATH\CodeIgniter.php(509): CodeIgniter\CodeIgniter->runController()
 9 SYSTEMPATH\CodeIgniter.php(355): CodeIgniter\CodeIgniter->handleRequest()
10 SYSTEMPATH\Boot.php(312): CodeIgniter\CodeIgniter->run()
11 SYSTEMPATH\Boot.php(67): CodeIgniter\Boot::runCodeIgniter()
12 FCPATH\index.php(56): CodeIgniter\Boot::bootWeb()
