INFO - 2024-10-17 09:07:11 --> Session: Class initialized using 'CodeIgniter\Session\Handlers\FileHandler' driver.
INFO - 2024-10-17 09:07:22 --> Session: Class initialized using 'CodeIgniter\Session\Handlers\FileHandler' driver.
INFO - 2024-10-17 09:07:28 --> Session: Class initialized using 'CodeIgniter\Session\Handlers\FileHandler' driver.
INFO - 2024-10-17 09:07:35 --> Session: Class initialized using 'CodeIgniter\Session\Handlers\FileHandler' driver.
INFO - 2024-10-17 09:07:43 --> Session: Class initialized using 'CodeIgniter\Session\Handlers\FileHandler' driver.
INFO - 2024-10-17 09:09:14 --> Session: Class initialized using 'CodeIgniter\Session\Handlers\FileHandler' driver.
INFO - 2024-10-17 09:09:25 --> Session: Class initialized using 'CodeIgniter\Session\Handlers\FileHandler' driver.
INFO - 2024-10-17 09:09:28 --> Session: Class initialized using 'CodeIgniter\Session\Handlers\FileHandler' driver.
INFO - 2024-10-17 09:09:35 --> Session: Class initialized using 'CodeIgniter\Session\Handlers\FileHandler' driver.
CRITICAL - 2024-10-17 09:09:35 --> ErrorException: Undefined array key 0
[Method: GET, Route: cate/public/footer/fonts/icomoon/style.css]
in APPPATH\Views\block\show_baiviet_theo_category.php on line 147.
 1 APPPATH\Views\block\show_baiviet_theo_category.php(147): CodeIgniter\Debug\Exceptions->errorHandler()
 2 SYSTEMPATH\View\View.php(234): include('C:\\Users\\phama\\PhpstormProjects\\TrungTamCNTT\\app\\Views\\block\\show_baiviet_theo_category.php')
 3 SYSTEMPATH\View\View.php(237): CodeIgniter\View\View->CodeIgniter\View\{closure}()
 4 SYSTEMPATH\Common.php(1171): CodeIgniter\View\View->render()
 5 APPPATH\Controllers\BaiDangController.php(296): view()
 6 SYSTEMPATH\CodeIgniter.php(933): App\Controllers\BaiDangController->show_blog_danh_mucPlus()
 7 SYSTEMPATH\CodeIgniter.php(509): CodeIgniter\CodeIgniter->runController()
 8 SYSTEMPATH\CodeIgniter.php(355): CodeIgniter\CodeIgniter->handleRequest()
 9 SYSTEMPATH\Boot.php(312): CodeIgniter\CodeIgniter->run()
10 SYSTEMPATH\Boot.php(67): CodeIgniter\Boot::runCodeIgniter()
11 FCPATH\index.php(56): CodeIgniter\Boot::bootWeb()
CRITICAL - 2024-10-17 09:09:35 --> ErrorException: Undefined array key 0
[Method: GET, Route: cate/public/footer/css/style.css]
in APPPATH\Views\block\show_baiviet_theo_category.php on line 147.
 1 APPPATH\Views\block\show_baiviet_theo_category.php(147): CodeIgniter\Debug\Exceptions->errorHandler()
 2 SYSTEMPATH\View\View.php(234): include('C:\\Users\\phama\\PhpstormProjects\\TrungTamCNTT\\app\\Views\\block\\show_baiviet_theo_category.php')
 3 SYSTEMPATH\View\View.php(237): CodeIgniter\View\View->CodeIgniter\View\{closure}()
 4 SYSTEMPATH\Common.php(1171): CodeIgniter\View\View->render()
 5 APPPATH\Controllers\BaiDangController.php(296): view()
 6 SYSTEMPATH\CodeIgniter.php(933): App\Controllers\BaiDangController->show_blog_danh_mucPlus()
 7 SYSTEMPATH\CodeIgniter.php(509): CodeIgniter\CodeIgniter->runController()
 8 SYSTEMPATH\CodeIgniter.php(355): CodeIgniter\CodeIgniter->handleRequest()
 9 SYSTEMPATH\Boot.php(312): CodeIgniter\CodeIgniter->run()
10 SYSTEMPATH\Boot.php(67): CodeIgniter\Boot::runCodeIgniter()
11 FCPATH\index.php(56): CodeIgniter\Boot::bootWeb()
CRITICAL - 2024-10-17 09:09:35 --> ErrorException: Undefined array key 0
[Method: GET, Route: cate/public/footer/js/popper.min.js]
in APPPATH\Views\block\show_baiviet_theo_category.php on line 147.
 1 APPPATH\Views\block\show_baiviet_theo_category.php(147): CodeIgniter\Debug\Exceptions->errorHandler()
 2 SYSTEMPATH\View\View.php(234): include('C:\\Users\\phama\\PhpstormProjects\\TrungTamCNTT\\app\\Views\\block\\show_baiviet_theo_category.php')
 3 SYSTEMPATH\View\View.php(237): CodeIgniter\View\View->CodeIgniter\View\{closure}()
 4 SYSTEMPATH\Common.php(1171): CodeIgniter\View\View->render()
 5 APPPATH\Controllers\BaiDangController.php(296): view()
 6 SYSTEMPATH\CodeIgniter.php(933): App\Controllers\BaiDangController->show_blog_danh_mucPlus()
 7 SYSTEMPATH\CodeIgniter.php(509): CodeIgniter\CodeIgniter->runController()
 8 SYSTEMPATH\CodeIgniter.php(355): CodeIgniter\CodeIgniter->handleRequest()
 9 SYSTEMPATH\Boot.php(312): CodeIgniter\CodeIgniter->run()
10 SYSTEMPATH\Boot.php(67): CodeIgniter\Boot::runCodeIgniter()
11 FCPATH\index.php(56): CodeIgniter\Boot::bootWeb()
CRITICAL - 2024-10-17 09:09:35 --> ErrorException: Undefined array key 0
[Method: GET, Route: cate/public/footer/js/jquery-3.3.1.min.js]
in APPPATH\Views\block\show_baiviet_theo_category.php on line 147.
 1 APPPATH\Views\block\show_baiviet_theo_category.php(147): CodeIgniter\Debug\Exceptions->errorHandler()
 2 SYSTEMPATH\View\View.php(234): include('C:\\Users\\phama\\PhpstormProjects\\TrungTamCNTT\\app\\Views\\block\\show_baiviet_theo_category.php')
 3 SYSTEMPATH\View\View.php(237): CodeIgniter\View\View->CodeIgniter\View\{closure}()
 4 SYSTEMPATH\Common.php(1171): CodeIgniter\View\View->render()
 5 APPPATH\Controllers\BaiDangController.php(296): view()
 6 SYSTEMPATH\CodeIgniter.php(933): App\Controllers\BaiDangController->show_blog_danh_mucPlus()
 7 SYSTEMPATH\CodeIgniter.php(509): CodeIgniter\CodeIgniter->runController()
 8 SYSTEMPATH\CodeIgniter.php(355): CodeIgniter\CodeIgniter->handleRequest()
 9 SYSTEMPATH\Boot.php(312): CodeIgniter\CodeIgniter->run()
10 SYSTEMPATH\Boot.php(67): CodeIgniter\Boot::runCodeIgniter()
11 FCPATH\index.php(56): CodeIgniter\Boot::bootWeb()
CRITICAL - 2024-10-17 09:09:35 --> ErrorException: Undefined array key 0
[Method: GET, Route: cate/public/footer/css/bootstrap.min.css]
in APPPATH\Views\block\show_baiviet_theo_category.php on line 147.
 1 APPPATH\Views\block\show_baiviet_theo_category.php(147): CodeIgniter\Debug\Exceptions->errorHandler()
 2 SYSTEMPATH\View\View.php(234): include('C:\\Users\\phama\\PhpstormProjects\\TrungTamCNTT\\app\\Views\\block\\show_baiviet_theo_category.php')
 3 SYSTEMPATH\View\View.php(237): CodeIgniter\View\View->CodeIgniter\View\{closure}()
 4 SYSTEMPATH\Common.php(1171): CodeIgniter\View\View->render()
 5 APPPATH\Controllers\BaiDangController.php(296): view()
 6 SYSTEMPATH\CodeIgniter.php(933): App\Controllers\BaiDangController->show_blog_danh_mucPlus()
 7 SYSTEMPATH\CodeIgniter.php(509): CodeIgniter\CodeIgniter->runController()
 8 SYSTEMPATH\CodeIgniter.php(355): CodeIgniter\CodeIgniter->handleRequest()
 9 SYSTEMPATH\Boot.php(312): CodeIgniter\CodeIgniter->run()
10 SYSTEMPATH\Boot.php(67): CodeIgniter\Boot::runCodeIgniter()
11 FCPATH\index.php(56): CodeIgniter\Boot::bootWeb()
CRITICAL - 2024-10-17 09:09:35 --> ErrorException: Undefined array key 0
[Method: GET, Route: cate/public/footer/js/bootstrap.min.js]
in APPPATH\Views\block\show_baiviet_theo_category.php on line 147.
 1 APPPATH\Views\block\show_baiviet_theo_category.php(147): CodeIgniter\Debug\Exceptions->errorHandler()
 2 SYSTEMPATH\View\View.php(234): include('C:\\Users\\phama\\PhpstormProjects\\TrungTamCNTT\\app\\Views\\block\\show_baiviet_theo_category.php')
 3 SYSTEMPATH\View\View.php(237): CodeIgniter\View\View->CodeIgniter\View\{closure}()
 4 SYSTEMPATH\Common.php(1171): CodeIgniter\View\View->render()
 5 APPPATH\Controllers\BaiDangController.php(296): view()
 6 SYSTEMPATH\CodeIgniter.php(933): App\Controllers\BaiDangController->show_blog_danh_mucPlus()
 7 SYSTEMPATH\CodeIgniter.php(509): CodeIgniter\CodeIgniter->runController()
 8 SYSTEMPATH\CodeIgniter.php(355): CodeIgniter\CodeIgniter->handleRequest()
 9 SYSTEMPATH\Boot.php(312): CodeIgniter\CodeIgniter->run()
10 SYSTEMPATH\Boot.php(67): CodeIgniter\Boot::runCodeIgniter()
11 FCPATH\index.php(56): CodeIgniter\Boot::bootWeb()
CRITICAL - 2024-10-17 09:09:35 --> ErrorException: Undefined array key 0
[Method: GET, Route: cate/public/footer/images/handle_cert.png]
in APPPATH\Views\block\show_baiviet_theo_category.php on line 147.
 1 APPPATH\Views\block\show_baiviet_theo_category.php(147): CodeIgniter\Debug\Exceptions->errorHandler()
 2 SYSTEMPATH\View\View.php(234): include('C:\\Users\\phama\\PhpstormProjects\\TrungTamCNTT\\app\\Views\\block\\show_baiviet_theo_category.php')
 3 SYSTEMPATH\View\View.php(237): CodeIgniter\View\View->CodeIgniter\View\{closure}()
 4 SYSTEMPATH\Common.php(1171): CodeIgniter\View\View->render()
 5 APPPATH\Controllers\BaiDangController.php(296): view()
 6 SYSTEMPATH\CodeIgniter.php(933): App\Controllers\BaiDangController->show_blog_danh_mucPlus()
 7 SYSTEMPATH\CodeIgniter.php(509): CodeIgniter\CodeIgniter->runController()
 8 SYSTEMPATH\CodeIgniter.php(355): CodeIgniter\CodeIgniter->handleRequest()
 9 SYSTEMPATH\Boot.php(312): CodeIgniter\CodeIgniter->run()
10 SYSTEMPATH\Boot.php(67): CodeIgniter\Boot::runCodeIgniter()
11 FCPATH\index.php(56): CodeIgniter\Boot::bootWeb()
INFO - 2024-10-17 09:09:36 --> Session: Class initialized using 'CodeIgniter\Session\Handlers\FileHandler' driver.
INFO - 2024-10-17 09:09:40 --> Session: Class initialized using 'CodeIgniter\Session\Handlers\FileHandler' driver.
INFO - 2024-10-17 09:09:45 --> Session: Class initialized using 'CodeIgniter\Session\Handlers\FileHandler' driver.
INFO - 2024-10-17 09:09:46 --> Session: Class initialized using 'CodeIgniter\Session\Handlers\FileHandler' driver.
INFO - 2024-10-17 09:09:49 --> Session: Class initialized using 'CodeIgniter\Session\Handlers\FileHandler' driver.
INFO - 2024-10-17 09:09:53 --> Session: Class initialized using 'CodeIgniter\Session\Handlers\FileHandler' driver.
INFO - 2024-10-17 09:09:56 --> Session: Class initialized using 'CodeIgniter\Session\Handlers\FileHandler' driver.
CRITICAL - 2024-10-17 09:09:57 --> ErrorException: Undefined array key 0
[Method: GET, Route: cate/public/footer/fonts/icomoon/style.css]
in APPPATH\Views\block\show_baiviet_theo_category.php on line 147.
 1 APPPATH\Views\block\show_baiviet_theo_category.php(147): CodeIgniter\Debug\Exceptions->errorHandler()
 2 SYSTEMPATH\View\View.php(234): include('C:\\Users\\phama\\PhpstormProjects\\TrungTamCNTT\\app\\Views\\block\\show_baiviet_theo_category.php')
 3 SYSTEMPATH\View\View.php(237): CodeIgniter\View\View->CodeIgniter\View\{closure}()
 4 SYSTEMPATH\Common.php(1171): CodeIgniter\View\View->render()
 5 APPPATH\Controllers\BaiDangController.php(296): view()
 6 SYSTEMPATH\CodeIgniter.php(933): App\Controllers\BaiDangController->show_blog_danh_mucPlus()
 7 SYSTEMPATH\CodeIgniter.php(509): CodeIgniter\CodeIgniter->runController()
 8 SYSTEMPATH\CodeIgniter.php(355): CodeIgniter\CodeIgniter->handleRequest()
 9 SYSTEMPATH\Boot.php(312): CodeIgniter\CodeIgniter->run()
10 SYSTEMPATH\Boot.php(67): CodeIgniter\Boot::runCodeIgniter()
11 FCPATH\index.php(56): CodeIgniter\Boot::bootWeb()
CRITICAL - 2024-10-17 09:09:57 --> ErrorException: Undefined array key 0
[Method: GET, Route: cate/public/footer/css/bootstrap.min.css]
in APPPATH\Views\block\show_baiviet_theo_category.php on line 147.
 1 APPPATH\Views\block\show_baiviet_theo_category.php(147): CodeIgniter\Debug\Exceptions->errorHandler()
 2 SYSTEMPATH\View\View.php(234): include('C:\\Users\\phama\\PhpstormProjects\\TrungTamCNTT\\app\\Views\\block\\show_baiviet_theo_category.php')
 3 SYSTEMPATH\View\View.php(237): CodeIgniter\View\View->CodeIgniter\View\{closure}()
 4 SYSTEMPATH\Common.php(1171): CodeIgniter\View\View->render()
 5 APPPATH\Controllers\BaiDangController.php(296): view()
 6 SYSTEMPATH\CodeIgniter.php(933): App\Controllers\BaiDangController->show_blog_danh_mucPlus()
 7 SYSTEMPATH\CodeIgniter.php(509): CodeIgniter\CodeIgniter->runController()
 8 SYSTEMPATH\CodeIgniter.php(355): CodeIgniter\CodeIgniter->handleRequest()
 9 SYSTEMPATH\Boot.php(312): CodeIgniter\CodeIgniter->run()
10 SYSTEMPATH\Boot.php(67): CodeIgniter\Boot::runCodeIgniter()
11 FCPATH\index.php(56): CodeIgniter\Boot::bootWeb()
CRITICAL - 2024-10-17 09:09:57 --> ErrorException: Undefined array key 0
[Method: GET, Route: cate/public/footer/css/style.css]
in APPPATH\Views\block\show_baiviet_theo_category.php on line 147.
 1 APPPATH\Views\block\show_baiviet_theo_category.php(147): CodeIgniter\Debug\Exceptions->errorHandler()
 2 SYSTEMPATH\View\View.php(234): include('C:\\Users\\phama\\PhpstormProjects\\TrungTamCNTT\\app\\Views\\block\\show_baiviet_theo_category.php')
 3 SYSTEMPATH\View\View.php(237): CodeIgniter\View\View->CodeIgniter\View\{closure}()
 4 SYSTEMPATH\Common.php(1171): CodeIgniter\View\View->render()
 5 APPPATH\Controllers\BaiDangController.php(296): view()
 6 SYSTEMPATH\CodeIgniter.php(933): App\Controllers\BaiDangController->show_blog_danh_mucPlus()
 7 SYSTEMPATH\CodeIgniter.php(509): CodeIgniter\CodeIgniter->runController()
 8 SYSTEMPATH\CodeIgniter.php(355): CodeIgniter\CodeIgniter->handleRequest()
 9 SYSTEMPATH\Boot.php(312): CodeIgniter\CodeIgniter->run()
10 SYSTEMPATH\Boot.php(67): CodeIgniter\Boot::runCodeIgniter()
11 FCPATH\index.php(56): CodeIgniter\Boot::bootWeb()
CRITICAL - 2024-10-17 09:09:57 --> ErrorException: Undefined array key 0
[Method: GET, Route: cate/public/footer/js/popper.min.js]
in APPPATH\Views\block\show_baiviet_theo_category.php on line 147.
 1 APPPATH\Views\block\show_baiviet_theo_category.php(147): CodeIgniter\Debug\Exceptions->errorHandler()
 2 SYSTEMPATH\View\View.php(234): include('C:\\Users\\phama\\PhpstormProjects\\TrungTamCNTT\\app\\Views\\block\\show_baiviet_theo_category.php')
 3 SYSTEMPATH\View\View.php(237): CodeIgniter\View\View->CodeIgniter\View\{closure}()
 4 SYSTEMPATH\Common.php(1171): CodeIgniter\View\View->render()
 5 APPPATH\Controllers\BaiDangController.php(296): view()
 6 SYSTEMPATH\CodeIgniter.php(933): App\Controllers\BaiDangController->show_blog_danh_mucPlus()
 7 SYSTEMPATH\CodeIgniter.php(509): CodeIgniter\CodeIgniter->runController()
 8 SYSTEMPATH\CodeIgniter.php(355): CodeIgniter\CodeIgniter->handleRequest()
 9 SYSTEMPATH\Boot.php(312): CodeIgniter\CodeIgniter->run()
10 SYSTEMPATH\Boot.php(67): CodeIgniter\Boot::runCodeIgniter()
11 FCPATH\index.php(56): CodeIgniter\Boot::bootWeb()
CRITICAL - 2024-10-17 09:09:57 --> ErrorException: Undefined array key 0
[Method: GET, Route: cate/public/footer/js/jquery-3.3.1.min.js]
in APPPATH\Views\block\show_baiviet_theo_category.php on line 147.
 1 APPPATH\Views\block\show_baiviet_theo_category.php(147): CodeIgniter\Debug\Exceptions->errorHandler()
 2 SYSTEMPATH\View\View.php(234): include('C:\\Users\\phama\\PhpstormProjects\\TrungTamCNTT\\app\\Views\\block\\show_baiviet_theo_category.php')
 3 SYSTEMPATH\View\View.php(237): CodeIgniter\View\View->CodeIgniter\View\{closure}()
 4 SYSTEMPATH\Common.php(1171): CodeIgniter\View\View->render()
 5 APPPATH\Controllers\BaiDangController.php(296): view()
 6 SYSTEMPATH\CodeIgniter.php(933): App\Controllers\BaiDangController->show_blog_danh_mucPlus()
 7 SYSTEMPATH\CodeIgniter.php(509): CodeIgniter\CodeIgniter->runController()
 8 SYSTEMPATH\CodeIgniter.php(355): CodeIgniter\CodeIgniter->handleRequest()
 9 SYSTEMPATH\Boot.php(312): CodeIgniter\CodeIgniter->run()
10 SYSTEMPATH\Boot.php(67): CodeIgniter\Boot::runCodeIgniter()
11 FCPATH\index.php(56): CodeIgniter\Boot::bootWeb()
CRITICAL - 2024-10-17 09:09:57 --> ErrorException: Undefined array key 0
[Method: GET, Route: cate/public/footer/js/bootstrap.min.js]
in APPPATH\Views\block\show_baiviet_theo_category.php on line 147.
 1 APPPATH\Views\block\show_baiviet_theo_category.php(147): CodeIgniter\Debug\Exceptions->errorHandler()
 2 SYSTEMPATH\View\View.php(234): include('C:\\Users\\phama\\PhpstormProjects\\TrungTamCNTT\\app\\Views\\block\\show_baiviet_theo_category.php')
 3 SYSTEMPATH\View\View.php(237): CodeIgniter\View\View->CodeIgniter\View\{closure}()
 4 SYSTEMPATH\Common.php(1171): CodeIgniter\View\View->render()
 5 APPPATH\Controllers\BaiDangController.php(296): view()
 6 SYSTEMPATH\CodeIgniter.php(933): App\Controllers\BaiDangController->show_blog_danh_mucPlus()
 7 SYSTEMPATH\CodeIgniter.php(509): CodeIgniter\CodeIgniter->runController()
 8 SYSTEMPATH\CodeIgniter.php(355): CodeIgniter\CodeIgniter->handleRequest()
 9 SYSTEMPATH\Boot.php(312): CodeIgniter\CodeIgniter->run()
10 SYSTEMPATH\Boot.php(67): CodeIgniter\Boot::runCodeIgniter()
11 FCPATH\index.php(56): CodeIgniter\Boot::bootWeb()
CRITICAL - 2024-10-17 09:09:57 --> ErrorException: Undefined array key 0
[Method: GET, Route: cate/public/footer/images/handle_cert.png]
in APPPATH\Views\block\show_baiviet_theo_category.php on line 147.
 1 APPPATH\Views\block\show_baiviet_theo_category.php(147): CodeIgniter\Debug\Exceptions->errorHandler()
 2 SYSTEMPATH\View\View.php(234): include('C:\\Users\\phama\\PhpstormProjects\\TrungTamCNTT\\app\\Views\\block\\show_baiviet_theo_category.php')
 3 SYSTEMPATH\View\View.php(237): CodeIgniter\View\View->CodeIgniter\View\{closure}()
 4 SYSTEMPATH\Common.php(1171): CodeIgniter\View\View->render()
 5 APPPATH\Controllers\BaiDangController.php(296): view()
 6 SYSTEMPATH\CodeIgniter.php(933): App\Controllers\BaiDangController->show_blog_danh_mucPlus()
 7 SYSTEMPATH\CodeIgniter.php(509): CodeIgniter\CodeIgniter->runController()
 8 SYSTEMPATH\CodeIgniter.php(355): CodeIgniter\CodeIgniter->handleRequest()
 9 SYSTEMPATH\Boot.php(312): CodeIgniter\CodeIgniter->run()
10 SYSTEMPATH\Boot.php(67): CodeIgniter\Boot::runCodeIgniter()
11 FCPATH\index.php(56): CodeIgniter\Boot::bootWeb()
INFO - 2024-10-17 09:09:59 --> Session: Class initialized using 'CodeIgniter\Session\Handlers\FileHandler' driver.
INFO - 2024-10-17 09:10:02 --> Session: Class initialized using 'CodeIgniter\Session\Handlers\FileHandler' driver.
INFO - 2024-10-17 10:51:34 --> Session: Class initialized using 'CodeIgniter\Session\Handlers\FileHandler' driver.
INFO - 2024-10-17 13:34:25 --> Session: Class initialized using 'CodeIgniter\Session\Handlers\FileHandler' driver.
INFO - 2024-10-17 14:47:19 --> Session: Class initialized using 'CodeIgniter\Session\Handlers\FileHandler' driver.
INFO - 2024-10-17 14:47:29 --> Session: Class initialized using 'CodeIgniter\Session\Handlers\FileHandler' driver.
INFO - 2024-10-17 14:47:29 --> Session: Class initialized using 'CodeIgniter\Session\Handlers\FileHandler' driver.
INFO - 2024-10-17 14:47:33 --> Session: Class initialized using 'CodeIgniter\Session\Handlers\FileHandler' driver.
INFO - 2024-10-17 14:47:37 --> Session: Class initialized using 'CodeIgniter\Session\Handlers\FileHandler' driver.
INFO - 2024-10-17 14:47:38 --> Session: Class initialized using 'CodeIgniter\Session\Handlers\FileHandler' driver.
INFO - 2024-10-17 15:01:15 --> Session: Class initialized using 'CodeIgniter\Session\Handlers\FileHandler' driver.
INFO - 2024-10-17 15:01:19 --> Session: Class initialized using 'CodeIgniter\Session\Handlers\FileHandler' driver.
INFO - 2024-10-17 15:01:25 --> Session: Class initialized using 'CodeIgniter\Session\Handlers\FileHandler' driver.
INFO - 2024-10-17 15:01:29 --> Session: Class initialized using 'CodeIgniter\Session\Handlers\FileHandler' driver.
INFO - 2024-10-17 15:03:00 --> Session: Class initialized using 'CodeIgniter\Session\Handlers\FileHandler' driver.
INFO - 2024-10-17 15:03:04 --> Session: Class initialized using 'CodeIgniter\Session\Handlers\FileHandler' driver.
INFO - 2024-10-17 15:03:11 --> Session: Class initialized using 'CodeIgniter\Session\Handlers\FileHandler' driver.
INFO - 2024-10-17 15:03:28 --> Session: Class initialized using 'CodeIgniter\Session\Handlers\FileHandler' driver.
INFO - 2024-10-17 16:00:12 --> Session: Class initialized using 'CodeIgniter\Session\Handlers\FileHandler' driver.
INFO - 2024-10-17 16:00:19 --> Session: Class initialized using 'CodeIgniter\Session\Handlers\FileHandler' driver.
INFO - 2024-10-17 16:00:19 --> Session: Class initialized using 'CodeIgniter\Session\Handlers\FileHandler' driver.
INFO - 2024-10-17 16:05:55 --> Session: Class initialized using 'CodeIgniter\Session\Handlers\FileHandler' driver.
INFO - 2024-10-17 16:08:16 --> Session: Class initialized using 'CodeIgniter\Session\Handlers\FileHandler' driver.
INFO - 2024-10-17 16:09:01 --> Session: Class initialized using 'CodeIgniter\Session\Handlers\FileHandler' driver.
INFO - 2024-10-17 16:52:39 --> Session: Class initialized using 'CodeIgniter\Session\Handlers\FileHandler' driver.
INFO - 2024-10-17 16:52:43 --> Session: Class initialized using 'CodeIgniter\Session\Handlers\FileHandler' driver.
