INFO - 2024-10-23 13:32:29 --> Session: Class initialized using 'CodeIgniter\Session\Handlers\FileHandler' driver.
INFO - 2024-10-23 13:48:13 --> Session: Class initialized using 'CodeIgniter\Session\Handlers\FileHandler' driver.
INFO - 2024-10-23 13:48:24 --> Session: Class initialized using 'CodeIgniter\Session\Handlers\FileHandler' driver.
INFO - 2024-10-23 14:50:14 --> Session: Class initialized using 'CodeIgniter\Session\Handlers\FileHandler' driver.
INFO - 2024-10-23 14:50:27 --> Session: Class initialized using 'CodeIgniter\Session\Handlers\FileHandler' driver.
INFO - 2024-10-23 14:50:29 --> Session: Class initialized using 'CodeIgniter\Session\Handlers\FileHandler' driver.
INFO - 2024-10-23 14:50:33 --> Session: Class initialized using 'CodeIgniter\Session\Handlers\FileHandler' driver.
INFO - 2024-10-23 14:50:33 --> Session: Class initialized using 'CodeIgniter\Session\Handlers\FileHandler' driver.
INFO - 2024-10-23 14:50:35 --> Session: Class initialized using 'CodeIgniter\Session\Handlers\FileHandler' driver.
INFO - 2024-10-23 14:50:40 --> Session: Class initialized using 'CodeIgniter\Session\Handlers\FileHandler' driver.
INFO - 2024-10-23 14:50:41 --> Session: Class initialized using 'CodeIgniter\Session\Handlers\FileHandler' driver.
INFO - 2024-10-23 14:50:48 --> Session: Class initialized using 'CodeIgniter\Session\Handlers\FileHandler' driver.
INFO - 2024-10-23 14:50:48 --> Session: Class initialized using 'CodeIgniter\Session\Handlers\FileHandler' driver.
INFO - 2024-10-23 14:50:50 --> Session: Class initialized using 'CodeIgniter\Session\Handlers\FileHandler' driver.
INFO - 2024-10-23 14:51:15 --> Session: Class initialized using 'CodeIgniter\Session\Handlers\FileHandler' driver.
INFO - 2024-10-23 14:51:32 --> Session: Class initialized using 'CodeIgniter\Session\Handlers\FileHandler' driver.
INFO - 2024-10-23 14:51:34 --> Session: Class initialized using 'CodeIgniter\Session\Handlers\FileHandler' driver.
INFO - 2024-10-23 14:51:38 --> Session: Class initialized using 'CodeIgniter\Session\Handlers\FileHandler' driver.
INFO - 2024-10-23 15:42:02 --> Session: Class initialized using 'CodeIgniter\Session\Handlers\FileHandler' driver.
INFO - 2024-10-23 15:42:55 --> Session: Class initialized using 'CodeIgniter\Session\Handlers\FileHandler' driver.
INFO - 2024-10-23 16:05:03 --> Session: Class initialized using 'CodeIgniter\Session\Handlers\FileHandler' driver.
INFO - 2024-10-23 16:05:07 --> Session: Class initialized using 'CodeIgniter\Session\Handlers\FileHandler' driver.
INFO - 2024-10-23 16:15:08 --> Session: Class initialized using 'CodeIgniter\Session\Handlers\FileHandler' driver.
INFO - 2024-10-23 16:27:05 --> Session: Class initialized using 'CodeIgniter\Session\Handlers\FileHandler' driver.
INFO - 2024-10-23 16:29:43 --> Session: Class initialized using 'CodeIgniter\Session\Handlers\FileHandler' driver.
ERROR - 2024-10-23 16:30:38 --> mysqli_sql_exception: Table 'thanhdoan.baidang' doesn't exist in C:\Users\phama\OneDrive\Desktop\ThanhDoan\system\Database\MySQLi\Connection.php:308
Stack trace:
#0 C:\Users\phama\OneDrive\Desktop\ThanhDoan\system\Database\MySQLi\Connection.php(308): mysqli->query()
#1 C:\Users\phama\OneDrive\Desktop\ThanhDoan\system\Database\BaseConnection.php(722): CodeIgniter\Database\MySQLi\Connection->execute()
#2 C:\Users\phama\OneDrive\Desktop\ThanhDoan\system\Database\BaseConnection.php(636): CodeIgniter\Database\BaseConnection->simpleQuery()
#3 C:\Users\phama\OneDrive\Desktop\ThanhDoan\app\Models\BaseModel.php(23): CodeIgniter\Database\BaseConnection->query()
#4 C:\Users\phama\OneDrive\Desktop\ThanhDoan\app\Models\BaiDangModel.php(84): App\Models\BaseModel->executeQuery()
#5 C:\Users\phama\OneDrive\Desktop\ThanhDoan\app\Controllers\HomeController.php(25): App\Models\BaiDangModel->layDanhSachtop6new()
#6 C:\Users\phama\OneDrive\Desktop\ThanhDoan\system\CodeIgniter.php(933): App\Controllers\HomeController->index()
#7 C:\Users\phama\OneDrive\Desktop\ThanhDoan\system\CodeIgniter.php(509): CodeIgniter\CodeIgniter->runController()
#8 C:\Users\phama\OneDrive\Desktop\ThanhDoan\system\CodeIgniter.php(355): CodeIgniter\CodeIgniter->handleRequest()
#9 C:\Users\phama\OneDrive\Desktop\ThanhDoan\system\Boot.php(312): CodeIgniter\CodeIgniter->run()
#10 C:\Users\phama\OneDrive\Desktop\ThanhDoan\system\Boot.php(67): CodeIgniter\Boot::runCodeIgniter()
#11 C:\Users\phama\OneDrive\Desktop\ThanhDoan\public\index.php(56): CodeIgniter\Boot::bootWeb()
#12 {main}
CRITICAL - 2024-10-23 16:30:38 --> CodeIgniter\Database\Exceptions\DatabaseException: Table 'thanhdoan.baidang' doesn't exist
[Method: GET, Route: /]
in SYSTEMPATH\Database\BaseConnection.php on line 676.
 1 APPPATH\Models\BaseModel.php(23): CodeIgniter\Database\BaseConnection->query()
 2 APPPATH\Models\BaiDangModel.php(84): App\Models\BaseModel->executeQuery()
 3 APPPATH\Controllers\HomeController.php(25): App\Models\BaiDangModel->layDanhSachtop6new()
 4 SYSTEMPATH\CodeIgniter.php(933): App\Controllers\HomeController->index()
 5 SYSTEMPATH\CodeIgniter.php(509): CodeIgniter\CodeIgniter->runController()
 6 SYSTEMPATH\CodeIgniter.php(355): CodeIgniter\CodeIgniter->handleRequest()
 7 SYSTEMPATH\Boot.php(312): CodeIgniter\CodeIgniter->run()
 8 SYSTEMPATH\Boot.php(67): CodeIgniter\Boot::runCodeIgniter()
 9 FCPATH\index.php(56): CodeIgniter\Boot::bootWeb()
CRITICAL - 2024-10-23 16:30:38 --> [Caused by] CodeIgniter\Database\Exceptions\DatabaseException: Table 'thanhdoan.baidang' doesn't exist
in SYSTEMPATH\Database\MySQLi\Connection.php on line 313.
 1 SYSTEMPATH\Database\BaseConnection.php(722): CodeIgniter\Database\MySQLi\Connection->execute()
 2 SYSTEMPATH\Database\BaseConnection.php(636): CodeIgniter\Database\BaseConnection->simpleQuery()
 3 APPPATH\Models\BaseModel.php(23): CodeIgniter\Database\BaseConnection->query()
 4 APPPATH\Models\BaiDangModel.php(84): App\Models\BaseModel->executeQuery()
 5 APPPATH\Controllers\HomeController.php(25): App\Models\BaiDangModel->layDanhSachtop6new()
 6 SYSTEMPATH\CodeIgniter.php(933): App\Controllers\HomeController->index()
 7 SYSTEMPATH\CodeIgniter.php(509): CodeIgniter\CodeIgniter->runController()
 8 SYSTEMPATH\CodeIgniter.php(355): CodeIgniter\CodeIgniter->handleRequest()
 9 SYSTEMPATH\Boot.php(312): CodeIgniter\CodeIgniter->run()
10 SYSTEMPATH\Boot.php(67): CodeIgniter\Boot::runCodeIgniter()
11 FCPATH\index.php(56): CodeIgniter\Boot::bootWeb()
CRITICAL - 2024-10-23 16:30:38 --> [Caused by] mysqli_sql_exception: Table 'thanhdoan.baidang' doesn't exist
in SYSTEMPATH\Database\MySQLi\Connection.php on line 308.
 1 SYSTEMPATH\Database\MySQLi\Connection.php(308): mysqli->query()
 2 SYSTEMPATH\Database\BaseConnection.php(722): CodeIgniter\Database\MySQLi\Connection->execute()
 3 SYSTEMPATH\Database\BaseConnection.php(636): CodeIgniter\Database\BaseConnection->simpleQuery()
 4 APPPATH\Models\BaseModel.php(23): CodeIgniter\Database\BaseConnection->query()
 5 APPPATH\Models\BaiDangModel.php(84): App\Models\BaseModel->executeQuery()
 6 APPPATH\Controllers\HomeController.php(25): App\Models\BaiDangModel->layDanhSachtop6new()
 7 SYSTEMPATH\CodeIgniter.php(933): App\Controllers\HomeController->index()
 8 SYSTEMPATH\CodeIgniter.php(509): CodeIgniter\CodeIgniter->runController()
 9 SYSTEMPATH\CodeIgniter.php(355): CodeIgniter\CodeIgniter->handleRequest()
10 SYSTEMPATH\Boot.php(312): CodeIgniter\CodeIgniter->run()
11 SYSTEMPATH\Boot.php(67): CodeIgniter\Boot::runCodeIgniter()
12 FCPATH\index.php(56): CodeIgniter\Boot::bootWeb()
