INFO - 2024-05-01 09:20:26 --> Session: Class initialized using 'CodeIgniter\Session\Handlers\FileHandler' driver.
INFO - 2024-05-01 09:20:55 --> Session: Class initialized using 'CodeIgniter\Session\Handlers\FileHandler' driver.
INFO - 2024-05-01 09:21:11 --> Session: Class initialized using 'CodeIgniter\Session\Handlers\FileHandler' driver.
INFO - 2024-05-01 09:21:34 --> Session: Class initialized using 'CodeIgniter\Session\Handlers\FileHandler' driver.
INFO - 2024-05-01 09:21:35 --> Session: Class initialized using 'CodeIgniter\Session\Handlers\FileHandler' driver.
INFO - 2024-05-01 09:21:35 --> admin
INFO - 2024-05-01 09:21:35 --> /admin/dstacvu
INFO - 2024-05-01 09:21:35 --> 1
INFO - 2024-05-01 09:22:02 --> Session: Class initialized using 'CodeIgniter\Session\Handlers\FileHandler' driver.
INFO - 2024-05-01 09:22:02 --> admin
INFO - 2024-05-01 09:22:02 --> /admin/dstacvu
INFO - 2024-05-01 09:22:02 --> 1
INFO - 2024-05-01 09:22:03 --> Session: Class initialized using 'CodeIgniter\Session\Handlers\FileHandler' driver.
INFO - 2024-05-01 09:22:03 --> admin
INFO - 2024-05-01 09:22:03 --> /admin/vanban
INFO - 2024-05-01 09:22:03 --> 0
INFO - 2024-05-01 09:22:04 --> Session: Class initialized using 'CodeIgniter\Session\Handlers\FileHandler' driver.
INFO - 2024-05-01 09:23:56 --> Session: Class initialized using 'CodeIgniter\Session\Handlers\FileHandler' driver.
INFO - 2024-05-01 09:23:59 --> Session: Class initialized using 'CodeIgniter\Session\Handlers\FileHandler' driver.
INFO - 2024-05-01 09:23:59 --> admin
INFO - 2024-05-01 09:23:59 --> /admin/dstacvu
INFO - 2024-05-01 09:23:59 --> 1
INFO - 2024-05-01 09:24:00 --> Session: Class initialized using 'CodeIgniter\Session\Handlers\FileHandler' driver.
INFO - 2024-05-01 09:24:10 --> Session: Class initialized using 'CodeIgniter\Session\Handlers\FileHandler' driver.
INFO - 2024-05-01 09:24:10 --> admin
INFO - 2024-05-01 09:24:10 --> /admin/vanban
INFO - 2024-05-01 09:24:10 --> 0
INFO - 2024-05-01 09:24:10 --> Session: Class initialized using 'CodeIgniter\Session\Handlers\FileHandler' driver.
INFO - 2024-05-01 09:24:14 --> Session: Class initialized using 'CodeIgniter\Session\Handlers\FileHandler' driver.
INFO - 2024-05-01 09:24:14 --> admin
INFO - 2024-05-01 09:24:14 --> /admin/vanban
INFO - 2024-05-01 09:24:14 --> 0
INFO - 2024-05-01 09:24:14 --> Session: Class initialized using 'CodeIgniter\Session\Handlers\FileHandler' driver.
INFO - 2024-05-01 09:24:17 --> Session: Class initialized using 'CodeIgniter\Session\Handlers\FileHandler' driver.
INFO - 2024-05-01 09:24:18 --> Session: Class initialized using 'CodeIgniter\Session\Handlers\FileHandler' driver.
INFO - 2024-05-01 09:24:18 --> admin
INFO - 2024-05-01 09:24:18 --> /admin/vanban
INFO - 2024-05-01 09:24:18 --> 0
INFO - 2024-05-01 09:24:19 --> Session: Class initialized using 'CodeIgniter\Session\Handlers\FileHandler' driver.
INFO - 2024-05-01 09:28:30 --> Session: Class initialized using 'CodeIgniter\Session\Handlers\FileHandler' driver.
INFO - 2024-05-01 09:28:31 --> Session: Class initialized using 'CodeIgniter\Session\Handlers\FileHandler' driver.
INFO - 2024-05-01 09:28:31 --> admin
INFO - 2024-05-01 09:28:31 --> /admin/vanban
INFO - 2024-05-01 09:28:31 --> 0
INFO - 2024-05-01 09:28:31 --> Session: Class initialized using 'CodeIgniter\Session\Handlers\FileHandler' driver.
INFO - 2024-05-01 09:28:33 --> Session: Class initialized using 'CodeIgniter\Session\Handlers\FileHandler' driver.
INFO - 2024-05-01 09:28:34 --> Session: Class initialized using 'CodeIgniter\Session\Handlers\FileHandler' driver.
INFO - 2024-05-01 09:28:36 --> Session: Class initialized using 'CodeIgniter\Session\Handlers\FileHandler' driver.
INFO - 2024-05-01 09:28:36 --> admin
INFO - 2024-05-01 09:28:36 --> /admin/vanban
INFO - 2024-05-01 09:28:36 --> 0
INFO - 2024-05-01 09:28:36 --> Session: Class initialized using 'CodeIgniter\Session\Handlers\FileHandler' driver.
INFO - 2024-05-01 09:28:38 --> Session: Class initialized using 'CodeIgniter\Session\Handlers\FileHandler' driver.
INFO - 2024-05-01 09:28:38 --> admin
INFO - 2024-05-01 09:28:38 --> /admin/vanban
INFO - 2024-05-01 09:28:38 --> 0
INFO - 2024-05-01 09:28:38 --> Session: Class initialized using 'CodeIgniter\Session\Handlers\FileHandler' driver.
INFO - 2024-05-01 09:28:59 --> Session: Class initialized using 'CodeIgniter\Session\Handlers\FileHandler' driver.
INFO - 2024-05-01 09:29:00 --> Session: Class initialized using 'CodeIgniter\Session\Handlers\FileHandler' driver.
INFO - 2024-05-01 09:29:00 --> admin
INFO - 2024-05-01 09:29:00 --> /admin/vanban
INFO - 2024-05-01 09:29:00 --> 0
INFO - 2024-05-01 09:29:29 --> Session: Class initialized using 'CodeIgniter\Session\Handlers\FileHandler' driver.
INFO - 2024-05-01 09:29:31 --> Session: Class initialized using 'CodeIgniter\Session\Handlers\FileHandler' driver.
INFO - 2024-05-01 09:29:33 --> Session: Class initialized using 'CodeIgniter\Session\Handlers\FileHandler' driver.
INFO - 2024-05-01 09:29:33 --> admin
INFO - 2024-05-01 09:29:33 --> /admin/vanban
INFO - 2024-05-01 09:29:33 --> 0
INFO - 2024-05-01 09:30:38 --> Session: Class initialized using 'CodeIgniter\Session\Handlers\FileHandler' driver.
INFO - 2024-05-01 09:30:39 --> Session: Class initialized using 'CodeIgniter\Session\Handlers\FileHandler' driver.
INFO - 2024-05-01 09:30:40 --> Session: Class initialized using 'CodeIgniter\Session\Handlers\FileHandler' driver.
INFO - 2024-05-01 09:30:41 --> Session: Class initialized using 'CodeIgniter\Session\Handlers\FileHandler' driver.
INFO - 2024-05-01 09:30:42 --> Session: Class initialized using 'CodeIgniter\Session\Handlers\FileHandler' driver.
INFO - 2024-05-01 09:30:42 --> admin
INFO - 2024-05-01 09:30:42 --> /admin/vanban
INFO - 2024-05-01 09:30:42 --> 0
INFO - 2024-05-01 09:31:18 --> Session: Class initialized using 'CodeIgniter\Session\Handlers\FileHandler' driver.
INFO - 2024-05-01 09:32:05 --> Session: Class initialized using 'CodeIgniter\Session\Handlers\FileHandler' driver.
INFO - 2024-05-01 09:32:06 --> Session: Class initialized using 'CodeIgniter\Session\Handlers\FileHandler' driver.
INFO - 2024-05-01 09:32:07 --> Session: Class initialized using 'CodeIgniter\Session\Handlers\FileHandler' driver.
INFO - 2024-05-01 09:32:08 --> Session: Class initialized using 'CodeIgniter\Session\Handlers\FileHandler' driver.
INFO - 2024-05-01 09:32:08 --> admin
INFO - 2024-05-01 09:32:08 --> /admin/vanban
INFO - 2024-05-01 09:32:08 --> 0
INFO - 2024-05-01 09:32:22 --> Session: Class initialized using 'CodeIgniter\Session\Handlers\FileHandler' driver.
INFO - 2024-05-01 09:32:24 --> Session: Class initialized using 'CodeIgniter\Session\Handlers\FileHandler' driver.
INFO - 2024-05-01 09:32:24 --> Session: Class initialized using 'CodeIgniter\Session\Handlers\FileHandler' driver.
INFO - 2024-05-01 09:32:24 --> admin
INFO - 2024-05-01 09:32:24 --> /admin/vanban
INFO - 2024-05-01 09:32:24 --> 0
INFO - 2024-05-01 09:35:02 --> Session: Class initialized using 'CodeIgniter\Session\Handlers\FileHandler' driver.
INFO - 2024-05-01 09:35:04 --> Session: Class initialized using 'CodeIgniter\Session\Handlers\FileHandler' driver.
INFO - 2024-05-01 09:35:04 --> admin
INFO - 2024-05-01 09:35:04 --> /admin/vanban
INFO - 2024-05-01 09:35:04 --> 0
INFO - 2024-05-01 09:35:46 --> Session: Class initialized using 'CodeIgniter\Session\Handlers\FileHandler' driver.
INFO - 2024-05-01 09:37:03 --> Session: Class initialized using 'CodeIgniter\Session\Handlers\FileHandler' driver.
INFO - 2024-05-01 09:37:04 --> Session: Class initialized using 'CodeIgniter\Session\Handlers\FileHandler' driver.
INFO - 2024-05-01 09:37:04 --> Session: Class initialized using 'CodeIgniter\Session\Handlers\FileHandler' driver.
INFO - 2024-05-01 09:37:05 --> Session: Class initialized using 'CodeIgniter\Session\Handlers\FileHandler' driver.
INFO - 2024-05-01 09:37:05 --> admin
INFO - 2024-05-01 09:37:05 --> /admin/vanban
INFO - 2024-05-01 09:37:05 --> 0
INFO - 2024-05-01 09:37:18 --> Session: Class initialized using 'CodeIgniter\Session\Handlers\FileHandler' driver.
INFO - 2024-05-01 09:38:24 --> Session: Class initialized using 'CodeIgniter\Session\Handlers\FileHandler' driver.
INFO - 2024-05-01 09:38:25 --> Session: Class initialized using 'CodeIgniter\Session\Handlers\FileHandler' driver.
INFO - 2024-05-01 09:38:25 --> admin
INFO - 2024-05-01 09:38:25 --> /admin/vanban
INFO - 2024-05-01 09:38:25 --> 0
INFO - 2024-05-01 09:38:27 --> Session: Class initialized using 'CodeIgniter\Session\Handlers\FileHandler' driver.
INFO - 2024-05-01 09:38:31 --> Session: Class initialized using 'CodeIgniter\Session\Handlers\FileHandler' driver.
INFO - 2024-05-01 09:38:34 --> Session: Class initialized using 'CodeIgniter\Session\Handlers\FileHandler' driver.
INFO - 2024-05-01 09:38:34 --> admin
INFO - 2024-05-01 09:38:34 --> /admin/vanban
INFO - 2024-05-01 09:38:34 --> 0
INFO - 2024-05-01 09:38:36 --> Session: Class initialized using 'CodeIgniter\Session\Handlers\FileHandler' driver.
INFO - 2024-05-01 09:38:37 --> Session: Class initialized using 'CodeIgniter\Session\Handlers\FileHandler' driver.
INFO - 2024-05-01 09:38:38 --> Session: Class initialized using 'CodeIgniter\Session\Handlers\FileHandler' driver.
INFO - 2024-05-01 09:38:38 --> admin
INFO - 2024-05-01 09:38:38 --> /admin/vanban
INFO - 2024-05-01 09:38:38 --> 0
INFO - 2024-05-01 09:38:41 --> Session: Class initialized using 'CodeIgniter\Session\Handlers\FileHandler' driver.
INFO - 2024-05-01 10:08:20 --> Session: Class initialized using 'CodeIgniter\Session\Handlers\FileHandler' driver.
INFO - 2024-05-01 10:08:20 --> admin
INFO - 2024-05-01 10:08:20 --> /admin/ds_taikhoan
INFO - 2024-05-01 10:08:20 --> 0
INFO - 2024-05-01 10:08:22 --> Session: Class initialized using 'CodeIgniter\Session\Handlers\FileHandler' driver.
INFO - 2024-05-01 10:08:25 --> Session: Class initialized using 'CodeIgniter\Session\Handlers\FileHandler' driver.
INFO - 2024-05-01 10:08:30 --> Session: Class initialized using 'CodeIgniter\Session\Handlers\FileHandler' driver.
INFO - 2024-05-01 10:08:30 --> admin
INFO - 2024-05-01 10:08:30 --> /admin/dstacvu
INFO - 2024-05-01 10:08:30 --> 1
INFO - 2024-05-01 10:08:34 --> Session: Class initialized using 'CodeIgniter\Session\Handlers\FileHandler' driver.
INFO - 2024-05-01 10:08:34 --> admin
INFO - 2024-05-01 10:08:34 --> /admin/ds_taikhoan
INFO - 2024-05-01 10:08:34 --> 0
INFO - 2024-05-01 10:08:42 --> Session: Class initialized using 'CodeIgniter\Session\Handlers\FileHandler' driver.
INFO - 2024-05-01 10:08:42 --> admin
INFO - 2024-05-01 10:08:42 --> /admin/dstacvu
INFO - 2024-05-01 10:08:42 --> 1
INFO - 2024-05-01 10:09:22 --> Session: Class initialized using 'CodeIgniter\Session\Handlers\FileHandler' driver.
INFO - 2024-05-01 10:09:22 --> admin
INFO - 2024-05-01 10:09:22 --> /admin/dstacvu
INFO - 2024-05-01 10:09:22 --> 1
INFO - 2024-05-01 10:09:23 --> Session: Class initialized using 'CodeIgniter\Session\Handlers\FileHandler' driver.
INFO - 2024-05-01 10:09:27 --> SELECT *, (select tenLoaiNguoiDung from  LoaiNguoiDung where LoaiNguoiDung.maLoaiND = NguoiDung.maLoaiND) as tenLoaiND FROM NguoiDung where maNguoiDung = 'admin';
INFO - 2024-05-01 10:09:35 --> Session: Class initialized using 'CodeIgniter\Session\Handlers\FileHandler' driver.
INFO - 2024-05-01 10:09:35 --> admin
INFO - 2024-05-01 10:09:35 --> /admin/ds_taikhoan
INFO - 2024-05-01 10:09:35 --> 0
INFO - 2024-05-01 10:09:36 --> Session: Class initialized using 'CodeIgniter\Session\Handlers\FileHandler' driver.
INFO - 2024-05-01 10:09:36 --> admin
INFO - 2024-05-01 10:09:36 --> /admin/dstacvu
INFO - 2024-05-01 10:09:36 --> 1
INFO - 2024-05-01 10:09:49 --> Session: Class initialized using 'CodeIgniter\Session\Handlers\FileHandler' driver.
INFO - 2024-05-01 10:09:57 --> dòng 1
INFO - 2024-05-01 10:09:57 --> dòng 2
INFO - 2024-05-01 10:09:57 --> dòng 3
INFO - 2024-05-01 10:09:57 --> dòng 4
INFO - 2024-05-01 10:09:57 --> dòng 4
INFO - 2024-05-01 10:09:57 --> dòng 4
INFO - 2024-05-01 10:09:57 --> dòng 4
INFO - 2024-05-01 10:09:57 --> dòng 4
INFO - 2024-05-01 10:09:57 --> dòng 5
INFO - 2024-05-01 10:09:59 --> Session: Class initialized using 'CodeIgniter\Session\Handlers\FileHandler' driver.
INFO - 2024-05-01 10:09:59 --> admin
INFO - 2024-05-01 10:09:59 --> /admin/ds_taikhoan
INFO - 2024-05-01 10:10:00 --> 1
INFO - 2024-05-01 10:10:53 --> Session: Class initialized using 'CodeIgniter\Session\Handlers\FileHandler' driver.
INFO - 2024-05-01 10:11:08 --> Session: Class initialized using 'CodeIgniter\Session\Handlers\FileHandler' driver.
INFO - 2024-05-01 10:11:09 --> Session: Class initialized using 'CodeIgniter\Session\Handlers\FileHandler' driver.
INFO - 2024-05-01 10:11:10 --> Session: Class initialized using 'CodeIgniter\Session\Handlers\FileHandler' driver.
INFO - 2024-05-01 10:11:10 --> admin
INFO - 2024-05-01 10:11:10 --> /admin/vanban
INFO - 2024-05-01 10:11:10 --> 0
INFO - 2024-05-01 10:11:25 --> Session: Class initialized using 'CodeIgniter\Session\Handlers\FileHandler' driver.
INFO - 2024-05-01 10:11:33 --> Session: Class initialized using 'CodeIgniter\Session\Handlers\FileHandler' driver.
INFO - 2024-05-01 10:11:35 --> Session: Class initialized using 'CodeIgniter\Session\Handlers\FileHandler' driver.
INFO - 2024-05-01 10:11:40 --> Session: Class initialized using 'CodeIgniter\Session\Handlers\FileHandler' driver.
INFO - 2024-05-01 10:11:42 --> Session: Class initialized using 'CodeIgniter\Session\Handlers\FileHandler' driver.
INFO - 2024-05-01 12:52:22 --> Session: Class initialized using 'CodeIgniter\Session\Handlers\FileHandler' driver.
INFO - 2024-05-01 13:40:43 --> Session: Class initialized using 'CodeIgniter\Session\Handlers\FileHandler' driver.
INFO - 2024-05-01 17:22:43 --> Session: Class initialized using 'CodeIgniter\Session\Handlers\FileHandler' driver.
INFO - 2024-05-01 17:22:51 --> Session: Class initialized using 'CodeIgniter\Session\Handlers\FileHandler' driver.
INFO - 2024-05-01 17:22:51 --> Session: Class initialized using 'CodeIgniter\Session\Handlers\FileHandler' driver.
INFO - 2024-05-01 17:29:50 --> Session: Class initialized using 'CodeIgniter\Session\Handlers\FileHandler' driver.
INFO - 2024-05-01 17:29:56 --> Session: Class initialized using 'CodeIgniter\Session\Handlers\FileHandler' driver.
INFO - 2024-05-01 17:29:56 --> Session: Class initialized using 'CodeIgniter\Session\Handlers\FileHandler' driver.
INFO - 2024-05-01 17:29:57 --> admin
INFO - 2024-05-01 17:29:57 --> /admin/dstacvu
INFO - 2024-05-01 17:29:57 --> 1
INFO - 2024-05-01 17:29:57 --> Session: Class initialized using 'CodeIgniter\Session\Handlers\FileHandler' driver.
INFO - 2024-05-01 17:29:58 --> Session: Class initialized using 'CodeIgniter\Session\Handlers\FileHandler' driver.
INFO - 2024-05-01 17:29:59 --> Session: Class initialized using 'CodeIgniter\Session\Handlers\FileHandler' driver.
INFO - 2024-05-01 17:30:00 --> Session: Class initialized using 'CodeIgniter\Session\Handlers\FileHandler' driver.
INFO - 2024-05-01 17:30:00 --> admin
INFO - 2024-05-01 17:30:00 --> /admin/vanban
INFO - 2024-05-01 17:30:00 --> 0
INFO - 2024-05-01 17:30:16 --> Session: Class initialized using 'CodeIgniter\Session\Handlers\FileHandler' driver.
INFO - 2024-05-01 17:30:52 --> Session: Class initialized using 'CodeIgniter\Session\Handlers\FileHandler' driver.
INFO - 2024-05-01 17:30:52 --> admin
INFO - 2024-05-01 17:30:52 --> /admin/ds_taikhoan
INFO - 2024-05-01 17:30:52 --> 1
INFO - 2024-05-01 17:31:33 --> Session: Class initialized using 'CodeIgniter\Session\Handlers\FileHandler' driver.
INFO - 2024-05-01 17:31:33 --> Session: Class initialized using 'CodeIgniter\Session\Handlers\FileHandler' driver.
INFO - 2024-05-01 17:31:40 --> Session: Class initialized using 'CodeIgniter\Session\Handlers\FileHandler' driver.
INFO - 2024-05-01 17:31:40 --> Session: Class initialized using 'CodeIgniter\Session\Handlers\FileHandler' driver.
INFO - 2024-05-01 17:31:51 --> Session: Class initialized using 'CodeIgniter\Session\Handlers\FileHandler' driver.
INFO - 2024-05-01 17:31:51 --> Session: Class initialized using 'CodeIgniter\Session\Handlers\FileHandler' driver.
INFO - 2024-05-01 17:31:56 --> Session: Class initialized using 'CodeIgniter\Session\Handlers\FileHandler' driver.
INFO - 2024-05-01 17:31:57 --> Session: Class initialized using 'CodeIgniter\Session\Handlers\FileHandler' driver.
INFO - 2024-05-01 17:32:03 --> Session: Class initialized using 'CodeIgniter\Session\Handlers\FileHandler' driver.
INFO - 2024-05-01 17:32:03 --> Session: Class initialized using 'CodeIgniter\Session\Handlers\FileHandler' driver.
INFO - 2024-05-01 17:32:10 --> Session: Class initialized using 'CodeIgniter\Session\Handlers\FileHandler' driver.
INFO - 2024-05-01 17:32:10 --> Session: Class initialized using 'CodeIgniter\Session\Handlers\FileHandler' driver.
INFO - 2024-05-01 17:52:00 --> Session: Class initialized using 'CodeIgniter\Session\Handlers\FileHandler' driver.
INFO - 2024-05-01 17:59:21 --> Session: Class initialized using 'CodeIgniter\Session\Handlers\FileHandler' driver.
CRITICAL - 2024-05-01 18:15:56 --> ErrorException: Undefined variable $ds_thu
[Method: GET, Route: admin/hopthu]
in APPPATH\Views\admin\thugopy\ds_thugopy.php on line 27.
 1 APPPATH\Views\admin\thugopy\ds_thugopy.php(27): CodeIgniter\Debug\Exceptions->errorHandler()
 2 SYSTEMPATH\View\View.php(234): include('C:\\OSPanel\\domains\\phunu.cantho.gov.vietnam\\app\\Views\\admin\\thugopy\\ds_thugopy.php')
 3 SYSTEMPATH\View\View.php(237): CodeIgniter\View\View->CodeIgniter\View\{closure}()
 4 SYSTEMPATH\Common.php(1171): CodeIgniter\View\View->render()
 5 APPPATH\Controllers\ThuGopYController.php(22): view()
 6 SYSTEMPATH\CodeIgniter.php(933): App\Controllers\ThuGopYController->hopthu()
 7 SYSTEMPATH\CodeIgniter.php(509): CodeIgniter\CodeIgniter->runController()
 8 SYSTEMPATH\CodeIgniter.php(355): CodeIgniter\CodeIgniter->handleRequest()
 9 SYSTEMPATH\Boot.php(312): CodeIgniter\CodeIgniter->run()
10 SYSTEMPATH\Boot.php(67): CodeIgniter\Boot::runCodeIgniter()
11 FCPATH\index.php(56): CodeIgniter\Boot::bootWeb()
INFO - 2024-05-01 18:16:20 --> Session: Class initialized using 'CodeIgniter\Session\Handlers\FileHandler' driver.
INFO - 2024-05-01 18:16:36 --> Session: Class initialized using 'CodeIgniter\Session\Handlers\FileHandler' driver.
INFO - 2024-05-01 18:17:53 --> Session: Class initialized using 'CodeIgniter\Session\Handlers\FileHandler' driver.
INFO - 2024-05-01 18:17:57 --> Session: Class initialized using 'CodeIgniter\Session\Handlers\FileHandler' driver.
CRITICAL - 2024-05-01 18:19:06 --> ErrorException: Undefined variable $nguoidung
[Method: GET, Route: admin/hopthu]
in APPPATH\Views\admin\thugopy\ds_thugopy.php on line 27.
 1 APPPATH\Views\admin\thugopy\ds_thugopy.php(27): CodeIgniter\Debug\Exceptions->errorHandler()
 2 SYSTEMPATH\View\View.php(234): include('C:\\OSPanel\\domains\\phunu.cantho.gov.vietnam\\app\\Views\\admin\\thugopy\\ds_thugopy.php')
 3 SYSTEMPATH\View\View.php(237): CodeIgniter\View\View->CodeIgniter\View\{closure}()
 4 SYSTEMPATH\Common.php(1171): CodeIgniter\View\View->render()
 5 APPPATH\Controllers\ThuGopYController.php(24): view()
 6 SYSTEMPATH\CodeIgniter.php(933): App\Controllers\ThuGopYController->hopthu()
 7 SYSTEMPATH\CodeIgniter.php(509): CodeIgniter\CodeIgniter->runController()
 8 SYSTEMPATH\CodeIgniter.php(355): CodeIgniter\CodeIgniter->handleRequest()
 9 SYSTEMPATH\Boot.php(312): CodeIgniter\CodeIgniter->run()
10 SYSTEMPATH\Boot.php(67): CodeIgniter\Boot::runCodeIgniter()
11 FCPATH\index.php(56): CodeIgniter\Boot::bootWeb()
CRITICAL - 2024-05-01 18:20:40 --> ErrorException: Undefined array key "maNguoiDung"
[Method: GET, Route: admin/hopthu]
in APPPATH\Views\admin\thugopy\ds_thugopy.php on line 27.
 1 APPPATH\Views\admin\thugopy\ds_thugopy.php(27): CodeIgniter\Debug\Exceptions->errorHandler()
 2 SYSTEMPATH\View\View.php(234): include('C:\\OSPanel\\domains\\phunu.cantho.gov.vietnam\\app\\Views\\admin\\thugopy\\ds_thugopy.php')
 3 SYSTEMPATH\View\View.php(237): CodeIgniter\View\View->CodeIgniter\View\{closure}()
 4 SYSTEMPATH\Common.php(1171): CodeIgniter\View\View->render()
 5 APPPATH\Controllers\ThuGopYController.php(24): view()
 6 SYSTEMPATH\CodeIgniter.php(933): App\Controllers\ThuGopYController->hopthu()
 7 SYSTEMPATH\CodeIgniter.php(509): CodeIgniter\CodeIgniter->runController()
 8 SYSTEMPATH\CodeIgniter.php(355): CodeIgniter\CodeIgniter->handleRequest()
 9 SYSTEMPATH\Boot.php(312): CodeIgniter\CodeIgniter->run()
10 SYSTEMPATH\Boot.php(67): CodeIgniter\Boot::runCodeIgniter()
11 FCPATH\index.php(56): CodeIgniter\Boot::bootWeb()
CRITICAL - 2024-05-01 18:20:47 --> ErrorException: Undefined array key "maChuyenMuc"
[Method: GET, Route: admin/hopthu]
in APPPATH\Views\admin\thugopy\ds_thugopy.php on line 27.
 1 APPPATH\Views\admin\thugopy\ds_thugopy.php(27): CodeIgniter\Debug\Exceptions->errorHandler()
 2 SYSTEMPATH\View\View.php(234): include('C:\\OSPanel\\domains\\phunu.cantho.gov.vietnam\\app\\Views\\admin\\thugopy\\ds_thugopy.php')
 3 SYSTEMPATH\View\View.php(237): CodeIgniter\View\View->CodeIgniter\View\{closure}()
 4 SYSTEMPATH\Common.php(1171): CodeIgniter\View\View->render()
 5 APPPATH\Controllers\ThuGopYController.php(24): view()
 6 SYSTEMPATH\CodeIgniter.php(933): App\Controllers\ThuGopYController->hopthu()
 7 SYSTEMPATH\CodeIgniter.php(509): CodeIgniter\CodeIgniter->runController()
 8 SYSTEMPATH\CodeIgniter.php(355): CodeIgniter\CodeIgniter->handleRequest()
 9 SYSTEMPATH\Boot.php(312): CodeIgniter\CodeIgniter->run()
10 SYSTEMPATH\Boot.php(67): CodeIgniter\Boot::runCodeIgniter()
11 FCPATH\index.php(56): CodeIgniter\Boot::bootWeb()
CRITICAL - 2024-05-01 18:20:48 --> ErrorException: Undefined array key "maChuyenMuc"
[Method: GET, Route: admin/hopthu]
in APPPATH\Views\admin\thugopy\ds_thugopy.php on line 27.
 1 APPPATH\Views\admin\thugopy\ds_thugopy.php(27): CodeIgniter\Debug\Exceptions->errorHandler()
 2 SYSTEMPATH\View\View.php(234): include('C:\\OSPanel\\domains\\phunu.cantho.gov.vietnam\\app\\Views\\admin\\thugopy\\ds_thugopy.php')
 3 SYSTEMPATH\View\View.php(237): CodeIgniter\View\View->CodeIgniter\View\{closure}()
 4 SYSTEMPATH\Common.php(1171): CodeIgniter\View\View->render()
 5 APPPATH\Controllers\ThuGopYController.php(24): view()
 6 SYSTEMPATH\CodeIgniter.php(933): App\Controllers\ThuGopYController->hopthu()
 7 SYSTEMPATH\CodeIgniter.php(509): CodeIgniter\CodeIgniter->runController()
 8 SYSTEMPATH\CodeIgniter.php(355): CodeIgniter\CodeIgniter->handleRequest()
 9 SYSTEMPATH\Boot.php(312): CodeIgniter\CodeIgniter->run()
10 SYSTEMPATH\Boot.php(67): CodeIgniter\Boot::runCodeIgniter()
11 FCPATH\index.php(56): CodeIgniter\Boot::bootWeb()
CRITICAL - 2024-05-01 18:20:49 --> ErrorException: Undefined array key "maChuyenMuc"
[Method: GET, Route: admin/hopthu]
in APPPATH\Views\admin\thugopy\ds_thugopy.php on line 27.
 1 APPPATH\Views\admin\thugopy\ds_thugopy.php(27): CodeIgniter\Debug\Exceptions->errorHandler()
 2 SYSTEMPATH\View\View.php(234): include('C:\\OSPanel\\domains\\phunu.cantho.gov.vietnam\\app\\Views\\admin\\thugopy\\ds_thugopy.php')
 3 SYSTEMPATH\View\View.php(237): CodeIgniter\View\View->CodeIgniter\View\{closure}()
 4 SYSTEMPATH\Common.php(1171): CodeIgniter\View\View->render()
 5 APPPATH\Controllers\ThuGopYController.php(24): view()
 6 SYSTEMPATH\CodeIgniter.php(933): App\Controllers\ThuGopYController->hopthu()
 7 SYSTEMPATH\CodeIgniter.php(509): CodeIgniter\CodeIgniter->runController()
 8 SYSTEMPATH\CodeIgniter.php(355): CodeIgniter\CodeIgniter->handleRequest()
 9 SYSTEMPATH\Boot.php(312): CodeIgniter\CodeIgniter->run()
10 SYSTEMPATH\Boot.php(67): CodeIgniter\Boot::runCodeIgniter()
11 FCPATH\index.php(56): CodeIgniter\Boot::bootWeb()
CRITICAL - 2024-05-01 18:20:49 --> ErrorException: Undefined array key "maChuyenMuc"
[Method: GET, Route: admin/hopthu]
in APPPATH\Views\admin\thugopy\ds_thugopy.php on line 27.
 1 APPPATH\Views\admin\thugopy\ds_thugopy.php(27): CodeIgniter\Debug\Exceptions->errorHandler()
 2 SYSTEMPATH\View\View.php(234): include('C:\\OSPanel\\domains\\phunu.cantho.gov.vietnam\\app\\Views\\admin\\thugopy\\ds_thugopy.php')
 3 SYSTEMPATH\View\View.php(237): CodeIgniter\View\View->CodeIgniter\View\{closure}()
 4 SYSTEMPATH\Common.php(1171): CodeIgniter\View\View->render()
 5 APPPATH\Controllers\ThuGopYController.php(24): view()
 6 SYSTEMPATH\CodeIgniter.php(933): App\Controllers\ThuGopYController->hopthu()
 7 SYSTEMPATH\CodeIgniter.php(509): CodeIgniter\CodeIgniter->runController()
 8 SYSTEMPATH\CodeIgniter.php(355): CodeIgniter\CodeIgniter->handleRequest()
 9 SYSTEMPATH\Boot.php(312): CodeIgniter\CodeIgniter->run()
10 SYSTEMPATH\Boot.php(67): CodeIgniter\Boot::runCodeIgniter()
11 FCPATH\index.php(56): CodeIgniter\Boot::bootWeb()
CRITICAL - 2024-05-01 18:20:50 --> ErrorException: Undefined array key "maChuyenMuc"
[Method: GET, Route: admin/hopthu]
in APPPATH\Views\admin\thugopy\ds_thugopy.php on line 27.
 1 APPPATH\Views\admin\thugopy\ds_thugopy.php(27): CodeIgniter\Debug\Exceptions->errorHandler()
 2 SYSTEMPATH\View\View.php(234): include('C:\\OSPanel\\domains\\phunu.cantho.gov.vietnam\\app\\Views\\admin\\thugopy\\ds_thugopy.php')
 3 SYSTEMPATH\View\View.php(237): CodeIgniter\View\View->CodeIgniter\View\{closure}()
 4 SYSTEMPATH\Common.php(1171): CodeIgniter\View\View->render()
 5 APPPATH\Controllers\ThuGopYController.php(24): view()
 6 SYSTEMPATH\CodeIgniter.php(933): App\Controllers\ThuGopYController->hopthu()
 7 SYSTEMPATH\CodeIgniter.php(509): CodeIgniter\CodeIgniter->runController()
 8 SYSTEMPATH\CodeIgniter.php(355): CodeIgniter\CodeIgniter->handleRequest()
 9 SYSTEMPATH\Boot.php(312): CodeIgniter\CodeIgniter->run()
10 SYSTEMPATH\Boot.php(67): CodeIgniter\Boot::runCodeIgniter()
11 FCPATH\index.php(56): CodeIgniter\Boot::bootWeb()
CRITICAL - 2024-05-01 18:20:51 --> ErrorException: Undefined array key "maChuyenMuc"
[Method: GET, Route: admin/hopthu]
in APPPATH\Views\admin\thugopy\ds_thugopy.php on line 27.
 1 APPPATH\Views\admin\thugopy\ds_thugopy.php(27): CodeIgniter\Debug\Exceptions->errorHandler()
 2 SYSTEMPATH\View\View.php(234): include('C:\\OSPanel\\domains\\phunu.cantho.gov.vietnam\\app\\Views\\admin\\thugopy\\ds_thugopy.php')
 3 SYSTEMPATH\View\View.php(237): CodeIgniter\View\View->CodeIgniter\View\{closure}()
 4 SYSTEMPATH\Common.php(1171): CodeIgniter\View\View->render()
 5 APPPATH\Controllers\ThuGopYController.php(24): view()
 6 SYSTEMPATH\CodeIgniter.php(933): App\Controllers\ThuGopYController->hopthu()
 7 SYSTEMPATH\CodeIgniter.php(509): CodeIgniter\CodeIgniter->runController()
 8 SYSTEMPATH\CodeIgniter.php(355): CodeIgniter\CodeIgniter->handleRequest()
 9 SYSTEMPATH\Boot.php(312): CodeIgniter\CodeIgniter->run()
10 SYSTEMPATH\Boot.php(67): CodeIgniter\Boot::runCodeIgniter()
11 FCPATH\index.php(56): CodeIgniter\Boot::bootWeb()
CRITICAL - 2024-05-01 18:20:52 --> ErrorException: Undefined array key "maChuyenMuc"
[Method: GET, Route: admin/hopthu]
in APPPATH\Views\admin\thugopy\ds_thugopy.php on line 27.
 1 APPPATH\Views\admin\thugopy\ds_thugopy.php(27): CodeIgniter\Debug\Exceptions->errorHandler()
 2 SYSTEMPATH\View\View.php(234): include('C:\\OSPanel\\domains\\phunu.cantho.gov.vietnam\\app\\Views\\admin\\thugopy\\ds_thugopy.php')
 3 SYSTEMPATH\View\View.php(237): CodeIgniter\View\View->CodeIgniter\View\{closure}()
 4 SYSTEMPATH\Common.php(1171): CodeIgniter\View\View->render()
 5 APPPATH\Controllers\ThuGopYController.php(24): view()
 6 SYSTEMPATH\CodeIgniter.php(933): App\Controllers\ThuGopYController->hopthu()
 7 SYSTEMPATH\CodeIgniter.php(509): CodeIgniter\CodeIgniter->runController()
 8 SYSTEMPATH\CodeIgniter.php(355): CodeIgniter\CodeIgniter->handleRequest()
 9 SYSTEMPATH\Boot.php(312): CodeIgniter\CodeIgniter->run()
10 SYSTEMPATH\Boot.php(67): CodeIgniter\Boot::runCodeIgniter()
11 FCPATH\index.php(56): CodeIgniter\Boot::bootWeb()
CRITICAL - 2024-05-01 18:20:52 --> ErrorException: Undefined array key "maChuyenMuc"
[Method: GET, Route: admin/hopthu]
in APPPATH\Views\admin\thugopy\ds_thugopy.php on line 27.
 1 APPPATH\Views\admin\thugopy\ds_thugopy.php(27): CodeIgniter\Debug\Exceptions->errorHandler()
 2 SYSTEMPATH\View\View.php(234): include('C:\\OSPanel\\domains\\phunu.cantho.gov.vietnam\\app\\Views\\admin\\thugopy\\ds_thugopy.php')
 3 SYSTEMPATH\View\View.php(237): CodeIgniter\View\View->CodeIgniter\View\{closure}()
 4 SYSTEMPATH\Common.php(1171): CodeIgniter\View\View->render()
 5 APPPATH\Controllers\ThuGopYController.php(24): view()
 6 SYSTEMPATH\CodeIgniter.php(933): App\Controllers\ThuGopYController->hopthu()
 7 SYSTEMPATH\CodeIgniter.php(509): CodeIgniter\CodeIgniter->runController()
 8 SYSTEMPATH\CodeIgniter.php(355): CodeIgniter\CodeIgniter->handleRequest()
 9 SYSTEMPATH\Boot.php(312): CodeIgniter\CodeIgniter->run()
10 SYSTEMPATH\Boot.php(67): CodeIgniter\Boot::runCodeIgniter()
11 FCPATH\index.php(56): CodeIgniter\Boot::bootWeb()
CRITICAL - 2024-05-01 18:22:01 --> ErrorException: Undefined array key "tenDangNhap"
[Method: GET, Route: admin/hopthu]
in APPPATH\Views\admin\thugopy\ds_thugopy.php on line 29.
 1 APPPATH\Views\admin\thugopy\ds_thugopy.php(29): CodeIgniter\Debug\Exceptions->errorHandler()
 2 SYSTEMPATH\View\View.php(234): include('C:\\OSPanel\\domains\\phunu.cantho.gov.vietnam\\app\\Views\\admin\\thugopy\\ds_thugopy.php')
 3 SYSTEMPATH\View\View.php(237): CodeIgniter\View\View->CodeIgniter\View\{closure}()
 4 SYSTEMPATH\Common.php(1171): CodeIgniter\View\View->render()
 5 APPPATH\Controllers\ThuGopYController.php(24): view()
 6 SYSTEMPATH\CodeIgniter.php(933): App\Controllers\ThuGopYController->hopthu()
 7 SYSTEMPATH\CodeIgniter.php(509): CodeIgniter\CodeIgniter->runController()
 8 SYSTEMPATH\CodeIgniter.php(355): CodeIgniter\CodeIgniter->handleRequest()
 9 SYSTEMPATH\Boot.php(312): CodeIgniter\CodeIgniter->run()
10 SYSTEMPATH\Boot.php(67): CodeIgniter\Boot::runCodeIgniter()
11 FCPATH\index.php(56): CodeIgniter\Boot::bootWeb()
INFO - 2024-05-01 18:23:44 --> Session: Class initialized using 'CodeIgniter\Session\Handlers\FileHandler' driver.
INFO - 2024-05-01 18:24:42 --> Session: Class initialized using 'CodeIgniter\Session\Handlers\FileHandler' driver.
INFO - 2024-05-01 18:29:37 --> Session: Class initialized using 'CodeIgniter\Session\Handlers\FileHandler' driver.
INFO - 2024-05-01 18:29:43 --> SELECT *, (select tenLoaiNguoiDung from  LoaiNguoiDung where LoaiNguoiDung.maLoaiND = NguoiDung.maLoaiND) as tenLoaiND FROM NguoiDung where maNguoiDung = '$mathugopy';
INFO - 2024-05-01 18:31:32 --> Session: Class initialized using 'CodeIgniter\Session\Handlers\FileHandler' driver.
INFO - 2024-05-01 18:44:41 --> SELECT *, (select tenLoaiNguoiDung from  LoaiNguoiDung where LoaiNguoiDung.maLoaiND = NguoiDung.maLoaiND) as tenLoaiND FROM NguoiDung where maNguoiDung = '$mathugopy';
INFO - 2024-05-01 19:18:17 --> Session: Class initialized using 'CodeIgniter\Session\Handlers\FileHandler' driver.
INFO - 2024-05-01 19:18:20 --> Session: Class initialized using 'CodeIgniter\Session\Handlers\FileHandler' driver.
INFO - 2024-05-01 19:18:20 --> admin
INFO - 2024-05-01 19:18:20 --> /admin/ds_taikhoan
INFO - 2024-05-01 19:18:20 --> 1
INFO - 2024-05-01 19:19:54 --> Session: Class initialized using 'CodeIgniter\Session\Handlers\FileHandler' driver.
INFO - 2024-05-01 19:19:55 --> Session: Class initialized using 'CodeIgniter\Session\Handlers\FileHandler' driver.
INFO - 2024-05-01 19:19:55 --> admin
INFO - 2024-05-01 19:19:55 --> /admin/dstacvu
INFO - 2024-05-01 19:19:55 --> 1
INFO - 2024-05-01 19:19:57 --> Session: Class initialized using 'CodeIgniter\Session\Handlers\FileHandler' driver.
INFO - 2024-05-01 19:20:03 --> Session: Class initialized using 'CodeIgniter\Session\Handlers\FileHandler' driver.
INFO - 2024-05-01 19:20:04 --> Session: Class initialized using 'CodeIgniter\Session\Handlers\FileHandler' driver.
INFO - 2024-05-01 19:20:04 --> admin
INFO - 2024-05-01 19:20:04 --> /admin/ds_taikhoan
INFO - 2024-05-01 19:20:04 --> 1
INFO - 2024-05-01 19:20:05 --> Session: Class initialized using 'CodeIgniter\Session\Handlers\FileHandler' driver.
INFO - 2024-05-01 19:20:07 --> Session: Class initialized using 'CodeIgniter\Session\Handlers\FileHandler' driver.
INFO - 2024-05-01 19:20:07 --> admin
INFO - 2024-05-01 19:20:07 --> /admin/dstacvu
INFO - 2024-05-01 19:20:07 --> 1
INFO - 2024-05-01 19:20:09 --> Session: Class initialized using 'CodeIgniter\Session\Handlers\FileHandler' driver.
INFO - 2024-05-01 19:20:13 --> Session: Class initialized using 'CodeIgniter\Session\Handlers\FileHandler' driver.
INFO - 2024-05-01 19:20:13 --> admin
INFO - 2024-05-01 19:20:13 --> /admin/dstacvu
INFO - 2024-05-01 19:20:13 --> 1
INFO - 2024-05-01 19:20:17 --> Session: Class initialized using 'CodeIgniter\Session\Handlers\FileHandler' driver.
INFO - 2024-05-01 19:20:29 --> Session: Class initialized using 'CodeIgniter\Session\Handlers\FileHandler' driver.
INFO - 2024-05-01 19:20:29 --> admin
INFO - 2024-05-01 19:20:29 --> /admin/vanban
INFO - 2024-05-01 19:20:29 --> 0
INFO - 2024-05-01 19:20:34 --> Session: Class initialized using 'CodeIgniter\Session\Handlers\FileHandler' driver.
INFO - 2024-05-01 19:20:36 --> Session: Class initialized using 'CodeIgniter\Session\Handlers\FileHandler' driver.
INFO - 2024-05-01 19:20:36 --> admin
INFO - 2024-05-01 19:20:36 --> /admin/ds_taikhoan
INFO - 2024-05-01 19:20:36 --> 1
INFO - 2024-05-01 19:21:08 --> Session: Class initialized using 'CodeIgniter\Session\Handlers\FileHandler' driver.
INFO - 2024-05-01 19:21:28 --> SELECT *, (select tenLoaiNguoiDung from  LoaiNguoiDung where LoaiNguoiDung.maLoaiND = NguoiDung.maLoaiND) as tenLoaiND FROM NguoiDung where maNguoiDung = '$mathugopy';
INFO - 2024-05-01 19:21:30 --> SELECT *, (select tenLoaiNguoiDung from  LoaiNguoiDung where LoaiNguoiDung.maLoaiND = NguoiDung.maLoaiND) as tenLoaiND FROM NguoiDung where maNguoiDung = 'thu_6631d8968e9338.72677983';
INFO - 2024-05-01 19:41:15 --> Session: Class initialized using 'CodeIgniter\Session\Handlers\FileHandler' driver.
INFO - 2024-05-01 19:41:32 --> Session: Class initialized using 'CodeIgniter\Session\Handlers\FileHandler' driver.
CRITICAL - 2024-05-01 19:43:38 --> ParseError: syntax error, unexpected token "<"
[Method: GET, Route: admin/hopthu]
in APPPATH\Views\admin\thugopy\ds_thugopy.php on line 35.
 1 SYSTEMPATH\View\View.php(237): CodeIgniter\View\View->CodeIgniter\View\{closure}()
 2 SYSTEMPATH\Common.php(1171): CodeIgniter\View\View->render()
 3 APPPATH\Controllers\ThuGopYController.php(24): view()
 4 SYSTEMPATH\CodeIgniter.php(933): App\Controllers\ThuGopYController->hopthu()
 5 SYSTEMPATH\CodeIgniter.php(509): CodeIgniter\CodeIgniter->runController()
 6 SYSTEMPATH\CodeIgniter.php(355): CodeIgniter\CodeIgniter->handleRequest()
 7 SYSTEMPATH\Boot.php(312): CodeIgniter\CodeIgniter->run()
 8 SYSTEMPATH\Boot.php(67): CodeIgniter\Boot::runCodeIgniter()
 9 FCPATH\index.php(56): CodeIgniter\Boot::bootWeb()
INFO - 2024-05-01 21:14:24 --> Session: Class initialized using 'CodeIgniter\Session\Handlers\FileHandler' driver.
INFO - 2024-05-01 21:14:24 --> admin
INFO - 2024-05-01 21:14:24 --> /admin/ds_taikhoan
INFO - 2024-05-01 21:14:24 --> 1
INFO - 2024-05-01 21:14:25 --> Session: Class initialized using 'CodeIgniter\Session\Handlers\FileHandler' driver.
INFO - 2024-05-01 21:14:26 --> Session: Class initialized using 'CodeIgniter\Session\Handlers\FileHandler' driver.
INFO - 2024-05-01 21:14:26 --> admin
INFO - 2024-05-01 21:14:26 --> /admin/dstacvu
INFO - 2024-05-01 21:14:26 --> 1
INFO - 2024-05-01 21:14:30 --> Session: Class initialized using 'CodeIgniter\Session\Handlers\FileHandler' driver.
INFO - 2024-05-01 21:14:30 --> admin
INFO - 2024-05-01 21:14:30 --> /admin/ds_taikhoan
INFO - 2024-05-01 21:14:30 --> 1
INFO - 2024-05-01 21:14:31 --> Session: Class initialized using 'CodeIgniter\Session\Handlers\FileHandler' driver.
INFO - 2024-05-01 21:14:41 --> dòng 1
INFO - 2024-05-01 21:14:55 --> dòng 1
INFO - 2024-05-01 21:14:55 --> dòng 2
INFO - 2024-05-01 21:14:55 --> dòng 3
INFO - 2024-05-01 21:14:55 --> dòng 4
INFO - 2024-05-01 21:14:55 --> dòng 5
INFO - 2024-05-01 21:14:57 --> Session: Class initialized using 'CodeIgniter\Session\Handlers\FileHandler' driver.
INFO - 2024-05-01 21:15:05 --> dòng 1
INFO - 2024-05-01 21:15:05 --> dòng 2
INFO - 2024-05-01 21:15:05 --> dòng 3
INFO - 2024-05-01 21:15:05 --> dòng 4
INFO - 2024-05-01 21:15:05 --> dòng 5
INFO - 2024-05-01 21:15:40 --> Session: Class initialized using 'CodeIgniter\Session\Handlers\FileHandler' driver.
INFO - 2024-05-01 21:15:42 --> Session: Class initialized using 'CodeIgniter\Session\Handlers\FileHandler' driver.
INFO - 2024-05-01 21:15:44 --> Session: Class initialized using 'CodeIgniter\Session\Handlers\FileHandler' driver.
INFO - 2024-05-01 21:15:45 --> Session: Class initialized using 'CodeIgniter\Session\Handlers\FileHandler' driver.
INFO - 2024-05-01 21:15:46 --> Session: Class initialized using 'CodeIgniter\Session\Handlers\FileHandler' driver.
INFO - 2024-05-01 21:15:46 --> admin
INFO - 2024-05-01 21:15:46 --> /admin/vanban
INFO - 2024-05-01 21:15:46 --> 0
INFO - 2024-05-01 21:15:50 --> Session: Class initialized using 'CodeIgniter\Session\Handlers\FileHandler' driver.
INFO - 2024-05-01 21:15:51 --> Session: Class initialized using 'CodeIgniter\Session\Handlers\FileHandler' driver.
INFO - 2024-05-01 21:15:51 --> admin
INFO - 2024-05-01 21:15:51 --> /admin/dstacvu
INFO - 2024-05-01 21:15:51 --> 1
INFO - 2024-05-01 21:15:53 --> Session: Class initialized using 'CodeIgniter\Session\Handlers\FileHandler' driver.
INFO - 2024-05-01 21:15:53 --> admin
INFO - 2024-05-01 21:15:53 --> /admin/dstacvu
INFO - 2024-05-01 21:15:53 --> 1
INFO - 2024-05-01 21:15:59 --> Session: Class initialized using 'CodeIgniter\Session\Handlers\FileHandler' driver.
INFO - 2024-05-01 21:15:59 --> admin
INFO - 2024-05-01 21:15:59 --> /admin/dstacvu
INFO - 2024-05-01 21:15:59 --> 1
INFO - 2024-05-01 21:16:18 --> Session: Class initialized using 'CodeIgniter\Session\Handlers\FileHandler' driver.
INFO - 2024-05-01 21:16:18 --> admin
INFO - 2024-05-01 21:16:18 --> /admin/dstacvu
INFO - 2024-05-01 21:16:18 --> 1
INFO - 2024-05-01 21:16:25 --> Session: Class initialized using 'CodeIgniter\Session\Handlers\FileHandler' driver.
INFO - 2024-05-01 21:16:33 --> dòng 1
INFO - 2024-05-01 21:16:33 --> dòng 2
INFO - 2024-05-01 21:16:33 --> dòng 3
INFO - 2024-05-01 21:16:33 --> dòng 4
INFO - 2024-05-01 21:16:33 --> dòng 4
INFO - 2024-05-01 21:16:33 --> dòng 4
INFO - 2024-05-01 21:16:33 --> dòng 4
INFO - 2024-05-01 21:16:33 --> dòng 4
INFO - 2024-05-01 21:16:33 --> dòng 4
INFO - 2024-05-01 21:16:33 --> dòng 4
INFO - 2024-05-01 21:16:33 --> dòng 4
INFO - 2024-05-01 21:16:33 --> dòng 4
INFO - 2024-05-01 21:16:33 --> dòng 4
INFO - 2024-05-01 21:16:33 --> dòng 4
INFO - 2024-05-01 21:16:33 --> dòng 4
INFO - 2024-05-01 21:16:33 --> dòng 4
INFO - 2024-05-01 21:16:33 --> dòng 4
INFO - 2024-05-01 21:16:33 --> dòng 4
INFO - 2024-05-01 21:16:33 --> dòng 4
INFO - 2024-05-01 21:16:33 --> dòng 4
INFO - 2024-05-01 21:16:33 --> dòng 4
INFO - 2024-05-01 21:16:33 --> dòng 4
INFO - 2024-05-01 21:16:33 --> dòng 4
INFO - 2024-05-01 21:16:33 --> dòng 4
INFO - 2024-05-01 21:16:33 --> dòng 4
INFO - 2024-05-01 21:16:33 --> dòng 4
INFO - 2024-05-01 21:16:33 --> dòng 4
INFO - 2024-05-01 21:16:33 --> dòng 4
INFO - 2024-05-01 21:16:33 --> dòng 4
INFO - 2024-05-01 21:16:33 --> dòng 4
INFO - 2024-05-01 21:16:33 --> dòng 4
INFO - 2024-05-01 21:16:33 --> dòng 4
INFO - 2024-05-01 21:16:33 --> dòng 4
INFO - 2024-05-01 21:16:33 --> dòng 4
INFO - 2024-05-01 21:16:33 --> dòng 4
INFO - 2024-05-01 21:16:33 --> dòng 4
INFO - 2024-05-01 21:16:33 --> dòng 4
INFO - 2024-05-01 21:16:33 --> dòng 5
INFO - 2024-05-01 21:16:36 --> Session: Class initialized using 'CodeIgniter\Session\Handlers\FileHandler' driver.
INFO - 2024-05-01 21:16:38 --> Session: Class initialized using 'CodeIgniter\Session\Handlers\FileHandler' driver.
INFO - 2024-05-01 21:16:38 --> admin
INFO - 2024-05-01 21:16:38 --> /admin/dstacvu
INFO - 2024-05-01 21:16:38 --> 1
INFO - 2024-05-01 21:16:45 --> Session: Class initialized using 'CodeIgniter\Session\Handlers\FileHandler' driver.
INFO - 2024-05-01 21:16:48 --> Session: Class initialized using 'CodeIgniter\Session\Handlers\FileHandler' driver.
INFO - 2024-05-01 21:16:48 --> admin
INFO - 2024-05-01 21:16:48 --> /admin/dstacvu
INFO - 2024-05-01 21:16:48 --> 1
INFO - 2024-05-01 21:16:55 --> Session: Class initialized using 'CodeIgniter\Session\Handlers\FileHandler' driver.
INFO - 2024-05-01 21:16:56 --> admin
INFO - 2024-05-01 21:16:56 --> /admin/dstacvu
INFO - 2024-05-01 21:16:56 --> 1
INFO - 2024-05-01 21:16:56 --> Session: Class initialized using 'CodeIgniter\Session\Handlers\FileHandler' driver.
INFO - 2024-05-01 21:16:58 --> Session: Class initialized using 'CodeIgniter\Session\Handlers\FileHandler' driver.
INFO - 2024-05-01 21:16:58 --> admin
INFO - 2024-05-01 21:16:58 --> /admin/dstacvu
INFO - 2024-05-01 21:16:58 --> 1
INFO - 2024-05-01 21:17:00 --> Session: Class initialized using 'CodeIgniter\Session\Handlers\FileHandler' driver.
INFO - 2024-05-01 21:19:22 --> Session: Class initialized using 'CodeIgniter\Session\Handlers\FileHandler' driver.
INFO - 2024-05-01 21:19:25 --> Session: Class initialized using 'CodeIgniter\Session\Handlers\FileHandler' driver.
INFO - 2024-05-01 21:19:25 --> admin
INFO - 2024-05-01 21:19:25 --> /admin/ds_taikhoan
INFO - 2024-05-01 21:19:25 --> 1
INFO - 2024-05-01 21:19:30 --> SELECT *, (select tenLoaiNguoiDung from  LoaiNguoiDung where LoaiNguoiDung.maLoaiND = NguoiDung.maLoaiND) as tenLoaiND FROM NguoiDung where maNguoiDung = 'user_6631096ac1d2c8.';
INFO - 2024-05-01 21:19:32 --> Session: Class initialized using 'CodeIgniter\Session\Handlers\FileHandler' driver.
INFO - 2024-05-01 21:19:32 --> admin
INFO - 2024-05-01 21:19:32 --> /admin/edit_user
INFO - 2024-05-01 21:19:32 --> 1
INFO - 2024-05-01 21:19:39 --> Session: Class initialized using 'CodeIgniter\Session\Handlers\FileHandler' driver.
INFO - 2024-05-01 21:19:39 --> Session: Class initialized using 'CodeIgniter\Session\Handlers\FileHandler' driver.
INFO - 2024-05-01 21:19:44 --> Session: Class initialized using 'CodeIgniter\Session\Handlers\FileHandler' driver.
INFO - 2024-05-01 21:19:44 --> Session: Class initialized using 'CodeIgniter\Session\Handlers\FileHandler' driver.
INFO - 2024-05-01 21:19:57 --> Session: Class initialized using 'CodeIgniter\Session\Handlers\FileHandler' driver.
INFO - 2024-05-01 21:19:57 --> Session: Class initialized using 'CodeIgniter\Session\Handlers\FileHandler' driver.
INFO - 2024-05-01 21:20:03 --> Session: Class initialized using 'CodeIgniter\Session\Handlers\FileHandler' driver.
INFO - 2024-05-01 21:20:03 --> Session: Class initialized using 'CodeIgniter\Session\Handlers\FileHandler' driver.
INFO - 2024-05-01 21:20:10 --> Session: Class initialized using 'CodeIgniter\Session\Handlers\FileHandler' driver.
INFO - 2024-05-01 21:20:10 --> Session: Class initialized using 'CodeIgniter\Session\Handlers\FileHandler' driver.
INFO - 2024-05-01 21:20:17 --> Session: Class initialized using 'CodeIgniter\Session\Handlers\FileHandler' driver.
INFO - 2024-05-01 21:20:19 --> Session: Class initialized using 'CodeIgniter\Session\Handlers\FileHandler' driver.
INFO - 2024-05-01 21:20:21 --> Session: Class initialized using 'CodeIgniter\Session\Handlers\FileHandler' driver.
INFO - 2024-05-01 21:20:24 --> Session: Class initialized using 'CodeIgniter\Session\Handlers\FileHandler' driver.
INFO - 2024-05-01 21:20:25 --> Session: Class initialized using 'CodeIgniter\Session\Handlers\FileHandler' driver.
INFO - 2024-05-01 21:20:25 --> thanhday
INFO - 2024-05-01 21:20:25 --> /admin/dstacvu
INFO - 2024-05-01 21:20:25 --> 1
INFO - 2024-05-01 21:20:28 --> Session: Class initialized using 'CodeIgniter\Session\Handlers\FileHandler' driver.
INFO - 2024-05-01 21:20:34 --> Session: Class initialized using 'CodeIgniter\Session\Handlers\FileHandler' driver.
INFO - 2024-05-01 21:20:35 --> Session: Class initialized using 'CodeIgniter\Session\Handlers\FileHandler' driver.
INFO - 2024-05-01 21:20:37 --> Session: Class initialized using 'CodeIgniter\Session\Handlers\FileHandler' driver.
CRITICAL - 2024-05-01 21:20:38 --> ParseError: syntax error, unexpected identifier "javascript"
[Method: GET, Route: admin/hopthu]
in APPPATH\Views\admin\thugopy\ds_thugopy.php on line 35.
 1 SYSTEMPATH\View\View.php(237): CodeIgniter\View\View->CodeIgniter\View\{closure}()
 2 SYSTEMPATH\Common.php(1171): CodeIgniter\View\View->render()
 3 APPPATH\Controllers\ThuGopYController.php(24): view()
 4 SYSTEMPATH\CodeIgniter.php(933): App\Controllers\ThuGopYController->hopthu()
 5 SYSTEMPATH\CodeIgniter.php(509): CodeIgniter\CodeIgniter->runController()
 6 SYSTEMPATH\CodeIgniter.php(355): CodeIgniter\CodeIgniter->handleRequest()
 7 SYSTEMPATH\Boot.php(312): CodeIgniter\CodeIgniter->run()
 8 SYSTEMPATH\Boot.php(67): CodeIgniter\Boot::runCodeIgniter()
 9 FCPATH\index.php(56): CodeIgniter\Boot::bootWeb()
INFO - 2024-05-01 21:20:40 --> Session: Class initialized using 'CodeIgniter\Session\Handlers\FileHandler' driver.
INFO - 2024-05-01 21:20:41 --> Session: Class initialized using 'CodeIgniter\Session\Handlers\FileHandler' driver.
INFO - 2024-05-01 21:20:54 --> Session: Class initialized using 'CodeIgniter\Session\Handlers\FileHandler' driver.
INFO - 2024-05-01 21:20:54 --> thanhday
INFO - 2024-05-01 21:20:54 --> /admin/add_category
INFO - 2024-05-01 21:20:54 --> 0
INFO - 2024-05-01 21:20:58 --> Session: Class initialized using 'CodeIgniter\Session\Handlers\FileHandler' driver.
INFO - 2024-05-01 21:21:04 --> Session: Class initialized using 'CodeIgniter\Session\Handlers\FileHandler' driver.
INFO - 2024-05-01 21:21:04 --> thanhday
INFO - 2024-05-01 21:21:04 --> /admin/xoa_category
INFO - 2024-05-01 21:21:04 --> 0
INFO - 2024-05-01 21:21:08 --> Session: Class initialized using 'CodeIgniter\Session\Handlers\FileHandler' driver.
INFO - 2024-05-01 21:21:08 --> thanhday
INFO - 2024-05-01 21:21:08 --> /admin/sua_category
INFO - 2024-05-01 21:21:08 --> 0
INFO - 2024-05-01 21:21:09 --> Session: Class initialized using 'CodeIgniter\Session\Handlers\FileHandler' driver.
INFO - 2024-05-01 21:21:09 --> thanhday
INFO - 2024-05-01 21:21:09 --> /admin/sua_category
INFO - 2024-05-01 21:21:09 --> 0
INFO - 2024-05-01 21:21:10 --> Session: Class initialized using 'CodeIgniter\Session\Handlers\FileHandler' driver.
INFO - 2024-05-01 21:21:10 --> thanhday
INFO - 2024-05-01 21:21:10 --> /admin/sua_category
INFO - 2024-05-01 21:21:10 --> 0
INFO - 2024-05-01 21:21:10 --> Session: Class initialized using 'CodeIgniter\Session\Handlers\FileHandler' driver.
INFO - 2024-05-01 21:21:10 --> thanhday
INFO - 2024-05-01 21:21:10 --> /admin/sua_category
INFO - 2024-05-01 21:21:10 --> 0
INFO - 2024-05-01 21:21:10 --> Session: Class initialized using 'CodeIgniter\Session\Handlers\FileHandler' driver.
INFO - 2024-05-01 21:21:10 --> thanhday
INFO - 2024-05-01 21:21:10 --> /admin/sua_category
INFO - 2024-05-01 21:21:10 --> 0
INFO - 2024-05-01 21:21:12 --> Session: Class initialized using 'CodeIgniter\Session\Handlers\FileHandler' driver.
INFO - 2024-05-01 21:21:12 --> thanhday
INFO - 2024-05-01 21:21:12 --> /admin/ds_taikhoan
INFO - 2024-05-01 21:21:12 --> 0
INFO - 2024-05-01 21:21:14 --> Session: Class initialized using 'CodeIgniter\Session\Handlers\FileHandler' driver.
INFO - 2024-05-01 21:21:16 --> Session: Class initialized using 'CodeIgniter\Session\Handlers\FileHandler' driver.
INFO - 2024-05-01 21:21:16 --> thanhday
INFO - 2024-05-01 21:21:16 --> /admin/ds_taikhoan
INFO - 2024-05-01 21:21:16 --> 0
INFO - 2024-05-01 21:21:17 --> Session: Class initialized using 'CodeIgniter\Session\Handlers\FileHandler' driver.
INFO - 2024-05-01 21:21:18 --> Session: Class initialized using 'CodeIgniter\Session\Handlers\FileHandler' driver.
INFO - 2024-05-01 21:21:22 --> Session: Class initialized using 'CodeIgniter\Session\Handlers\FileHandler' driver.
INFO - 2024-05-01 21:21:22 --> thanhday
INFO - 2024-05-01 21:21:22 --> /admin/ds_taikhoan
INFO - 2024-05-01 21:21:22 --> 0
INFO - 2024-05-01 21:21:23 --> Session: Class initialized using 'CodeIgniter\Session\Handlers\FileHandler' driver.
INFO - 2024-05-01 21:21:29 --> Session: Class initialized using 'CodeIgniter\Session\Handlers\FileHandler' driver.
INFO - 2024-05-01 21:21:29 --> thanhday
INFO - 2024-05-01 21:21:29 --> /admin/ds_taikhoan
INFO - 2024-05-01 21:21:29 --> 0
INFO - 2024-05-01 21:21:30 --> Session: Class initialized using 'CodeIgniter\Session\Handlers\FileHandler' driver.
INFO - 2024-05-01 21:22:12 --> Session: Class initialized using 'CodeIgniter\Session\Handlers\FileHandler' driver.
INFO - 2024-05-01 21:22:12 --> thanhday
INFO - 2024-05-01 21:22:12 --> /admin/themtacvuchonloaind
INFO - 2024-05-01 21:22:12 --> 0
INFO - 2024-05-01 21:22:14 --> Session: Class initialized using 'CodeIgniter\Session\Handlers\FileHandler' driver.
INFO - 2024-05-01 21:22:14 --> thanhday
INFO - 2024-05-01 21:22:14 --> /admin/themtacvuchonloaind
INFO - 2024-05-01 21:22:14 --> 0
INFO - 2024-05-01 21:22:15 --> Session: Class initialized using 'CodeIgniter\Session\Handlers\FileHandler' driver.
INFO - 2024-05-01 21:22:15 --> thanhday
INFO - 2024-05-01 21:22:15 --> /admin/themtacvuchonloaind
INFO - 2024-05-01 21:22:15 --> 0
INFO - 2024-05-01 21:22:15 --> Session: Class initialized using 'CodeIgniter\Session\Handlers\FileHandler' driver.
INFO - 2024-05-01 21:22:15 --> thanhday
INFO - 2024-05-01 21:22:15 --> /admin/themtacvuchonloaind
INFO - 2024-05-01 21:22:15 --> 0
INFO - 2024-05-01 21:22:15 --> Session: Class initialized using 'CodeIgniter\Session\Handlers\FileHandler' driver.
INFO - 2024-05-01 21:22:15 --> thanhday
INFO - 2024-05-01 21:22:15 --> /admin/themtacvuchonloaind
INFO - 2024-05-01 21:22:15 --> 0
INFO - 2024-05-01 21:22:16 --> Session: Class initialized using 'CodeIgniter\Session\Handlers\FileHandler' driver.
INFO - 2024-05-01 21:22:16 --> thanhday
INFO - 2024-05-01 21:22:16 --> /admin/themtacvuchonloaind
INFO - 2024-05-01 21:22:16 --> 0
INFO - 2024-05-01 21:22:16 --> Session: Class initialized using 'CodeIgniter\Session\Handlers\FileHandler' driver.
INFO - 2024-05-01 21:22:16 --> thanhday
INFO - 2024-05-01 21:22:16 --> /admin/themtacvuchonloaind
INFO - 2024-05-01 21:22:16 --> 0
INFO - 2024-05-01 21:22:16 --> Session: Class initialized using 'CodeIgniter\Session\Handlers\FileHandler' driver.
INFO - 2024-05-01 21:22:16 --> thanhday
INFO - 2024-05-01 21:22:16 --> /admin/themtacvuchonloaind
INFO - 2024-05-01 21:22:16 --> 0
INFO - 2024-05-01 21:22:16 --> Session: Class initialized using 'CodeIgniter\Session\Handlers\FileHandler' driver.
INFO - 2024-05-01 21:22:16 --> thanhday
INFO - 2024-05-01 21:22:16 --> /admin/themtacvuchonloaind
INFO - 2024-05-01 21:22:16 --> 0
INFO - 2024-05-01 21:22:17 --> Session: Class initialized using 'CodeIgniter\Session\Handlers\FileHandler' driver.
INFO - 2024-05-01 21:22:17 --> thanhday
INFO - 2024-05-01 21:22:17 --> /admin/themtacvuchonloaind
INFO - 2024-05-01 21:22:17 --> 0
INFO - 2024-05-01 21:22:17 --> Session: Class initialized using 'CodeIgniter\Session\Handlers\FileHandler' driver.
INFO - 2024-05-01 21:22:17 --> thanhday
INFO - 2024-05-01 21:22:17 --> /admin/themtacvuchonloaind
INFO - 2024-05-01 21:22:17 --> 0
INFO - 2024-05-01 21:22:19 --> Session: Class initialized using 'CodeIgniter\Session\Handlers\FileHandler' driver.
INFO - 2024-05-01 21:22:22 --> Session: Class initialized using 'CodeIgniter\Session\Handlers\FileHandler' driver.
INFO - 2024-05-01 21:22:22 --> thanhday
INFO - 2024-05-01 21:22:22 --> /admin/ds_taikhoan
INFO - 2024-05-01 21:22:22 --> 0
INFO - 2024-05-01 21:22:23 --> Session: Class initialized using 'CodeIgniter\Session\Handlers\FileHandler' driver.
INFO - 2024-05-01 21:22:24 --> Session: Class initialized using 'CodeIgniter\Session\Handlers\FileHandler' driver.
INFO - 2024-05-01 21:22:25 --> Session: Class initialized using 'CodeIgniter\Session\Handlers\FileHandler' driver.
INFO - 2024-05-01 21:22:29 --> Session: Class initialized using 'CodeIgniter\Session\Handlers\FileHandler' driver.
INFO - 2024-05-01 21:22:29 --> Session: Class initialized using 'CodeIgniter\Session\Handlers\FileHandler' driver.
INFO - 2024-05-01 21:22:31 --> Session: Class initialized using 'CodeIgniter\Session\Handlers\FileHandler' driver.
INFO - 2024-05-01 21:22:31 --> admin
INFO - 2024-05-01 21:22:31 --> /admin/dstacvu
INFO - 2024-05-01 21:22:31 --> 1
INFO - 2024-05-01 21:22:34 --> Session: Class initialized using 'CodeIgniter\Session\Handlers\FileHandler' driver.
INFO - 2024-05-01 21:22:35 --> Session: Class initialized using 'CodeIgniter\Session\Handlers\FileHandler' driver.
INFO - 2024-05-01 21:22:39 --> Session: Class initialized using 'CodeIgniter\Session\Handlers\FileHandler' driver.
INFO - 2024-05-01 21:22:39 --> admin
INFO - 2024-05-01 21:22:39 --> /admin/ds_taikhoan
INFO - 2024-05-01 21:22:39 --> 1
INFO - 2024-05-01 21:22:52 --> SELECT *, (select tenLoaiNguoiDung from  LoaiNguoiDung where LoaiNguoiDung.maLoaiND = NguoiDung.maLoaiND) as tenLoaiND FROM NguoiDung where maNguoiDung = 'user_6631096ac1d2c8.';
INFO - 2024-05-01 21:22:56 --> Session: Class initialized using 'CodeIgniter\Session\Handlers\FileHandler' driver.
INFO - 2024-05-01 21:23:11 --> Session: Class initialized using 'CodeIgniter\Session\Handlers\FileHandler' driver.
INFO - 2024-05-01 21:23:11 --> admin
INFO - 2024-05-01 21:23:11 --> /admin/ds_taikhoan
INFO - 2024-05-01 21:23:11 --> 1
INFO - 2024-05-01 21:23:12 --> Session: Class initialized using 'CodeIgniter\Session\Handlers\FileHandler' driver.
INFO - 2024-05-01 21:24:57 --> Session: Class initialized using 'CodeIgniter\Session\Handlers\FileHandler' driver.
INFO - 2024-05-01 21:26:19 --> Session: Class initialized using 'CodeIgniter\Session\Handlers\FileHandler' driver.
INFO - 2024-05-01 21:27:27 --> Session: Class initialized using 'CodeIgniter\Session\Handlers\FileHandler' driver.
INFO - 2024-05-01 21:27:27 --> admin
INFO - 2024-05-01 21:27:27 --> /admin/ds_taikhoan
INFO - 2024-05-01 21:27:27 --> 1
INFO - 2024-05-01 21:27:29 --> Session: Class initialized using 'CodeIgniter\Session\Handlers\FileHandler' driver.
INFO - 2024-05-01 21:27:29 --> admin
INFO - 2024-05-01 21:27:29 --> /admin/dstacvu
INFO - 2024-05-01 21:27:29 --> 1
INFO - 2024-05-01 21:27:41 --> Session: Class initialized using 'CodeIgniter\Session\Handlers\FileHandler' driver.
INFO - 2024-05-01 21:31:41 --> Session: Class initialized using 'CodeIgniter\Session\Handlers\FileHandler' driver.
INFO - 2024-05-01 21:43:05 --> SELECT *, (select tenLoaiNguoiDung from  LoaiNguoiDung where LoaiNguoiDung.maLoaiND = NguoiDung.maLoaiND) as tenLoaiND FROM NguoiDung where maNguoiDung = '$mathugopy';
INFO - 2024-05-01 21:51:16 --> Session: Class initialized using 'CodeIgniter\Session\Handlers\FileHandler' driver.
INFO - 2024-05-01 21:51:16 --> admin
INFO - 2024-05-01 21:51:16 --> /admin/dstacvu
INFO - 2024-05-01 21:51:16 --> 1
INFO - 2024-05-01 21:51:22 --> Session: Class initialized using 'CodeIgniter\Session\Handlers\FileHandler' driver.
INFO - 2024-05-01 21:51:22 --> admin
INFO - 2024-05-01 21:51:22 --> /admin/ds_taikhoan
INFO - 2024-05-01 21:51:22 --> 1
INFO - 2024-05-01 21:51:24 --> Session: Class initialized using 'CodeIgniter\Session\Handlers\FileHandler' driver.
INFO - 2024-05-01 21:51:34 --> Session: Class initialized using 'CodeIgniter\Session\Handlers\FileHandler' driver.
INFO - 2024-05-01 21:51:36 --> Session: Class initialized using 'CodeIgniter\Session\Handlers\FileHandler' driver.
INFO - 2024-05-01 21:51:36 --> admin
INFO - 2024-05-01 21:51:36 --> /admin/dstacvu
INFO - 2024-05-01 21:51:36 --> 1
INFO - 2024-05-01 21:51:37 --> Session: Class initialized using 'CodeIgniter\Session\Handlers\FileHandler' driver.
INFO - 2024-05-01 21:51:38 --> Session: Class initialized using 'CodeIgniter\Session\Handlers\FileHandler' driver.
INFO - 2024-05-01 21:51:39 --> Session: Class initialized using 'CodeIgniter\Session\Handlers\FileHandler' driver.
INFO - 2024-05-01 21:51:40 --> Session: Class initialized using 'CodeIgniter\Session\Handlers\FileHandler' driver.
INFO - 2024-05-01 21:51:40 --> admin
INFO - 2024-05-01 21:51:40 --> /admin/dstacvu
INFO - 2024-05-01 21:51:40 --> 1
INFO - 2024-05-01 21:51:44 --> Session: Class initialized using 'CodeIgniter\Session\Handlers\FileHandler' driver.
INFO - 2024-05-01 21:54:05 --> Session: Class initialized using 'CodeIgniter\Session\Handlers\FileHandler' driver.
INFO - 2024-05-01 21:54:06 --> Session: Class initialized using 'CodeIgniter\Session\Handlers\FileHandler' driver.
INFO - 2024-05-01 21:54:07 --> Session: Class initialized using 'CodeIgniter\Session\Handlers\FileHandler' driver.
INFO - 2024-05-01 21:54:08 --> Session: Class initialized using 'CodeIgniter\Session\Handlers\FileHandler' driver.
INFO - 2024-05-01 21:54:18 --> Session: Class initialized using 'CodeIgniter\Session\Handlers\FileHandler' driver.
INFO - 2024-05-01 21:54:21 --> Session: Class initialized using 'CodeIgniter\Session\Handlers\FileHandler' driver.
INFO - 2024-05-01 21:54:22 --> Session: Class initialized using 'CodeIgniter\Session\Handlers\FileHandler' driver.
INFO - 2024-05-01 21:54:31 --> Session: Class initialized using 'CodeIgniter\Session\Handlers\FileHandler' driver.
INFO - 2024-05-01 21:54:31 --> admin
INFO - 2024-05-01 21:54:31 --> /admin/ds_taikhoan
INFO - 2024-05-01 21:54:31 --> 1
INFO - 2024-05-01 21:54:33 --> Session: Class initialized using 'CodeIgniter\Session\Handlers\FileHandler' driver.
INFO - 2024-05-01 21:54:33 --> admin
INFO - 2024-05-01 21:54:33 --> /admin/dstacvu
INFO - 2024-05-01 21:54:33 --> 1
INFO - 2024-05-01 21:55:43 --> Session: Class initialized using 'CodeIgniter\Session\Handlers\FileHandler' driver.
INFO - 2024-05-01 21:55:43 --> admin
INFO - 2024-05-01 21:55:43 --> /admin/ds_taikhoan
INFO - 2024-05-01 21:55:43 --> 1
INFO - 2024-05-01 21:55:44 --> Session: Class initialized using 'CodeIgniter\Session\Handlers\FileHandler' driver.
INFO - 2024-05-01 21:55:45 --> Session: Class initialized using 'CodeIgniter\Session\Handlers\FileHandler' driver.
INFO - 2024-05-01 21:55:45 --> admin
INFO - 2024-05-01 21:55:45 --> /admin/dstacvu
INFO - 2024-05-01 21:55:45 --> 1
INFO - 2024-05-01 21:55:47 --> Session: Class initialized using 'CodeIgniter\Session\Handlers\FileHandler' driver.
INFO - 2024-05-01 21:55:49 --> Session: Class initialized using 'CodeIgniter\Session\Handlers\FileHandler' driver.
INFO - 2024-05-01 21:55:50 --> Session: Class initialized using 'CodeIgniter\Session\Handlers\FileHandler' driver.
INFO - 2024-05-01 21:55:52 --> Session: Class initialized using 'CodeIgniter\Session\Handlers\FileHandler' driver.
INFO - 2024-05-01 21:55:53 --> Session: Class initialized using 'CodeIgniter\Session\Handlers\FileHandler' driver.
INFO - 2024-05-01 21:55:53 --> admin
INFO - 2024-05-01 21:55:53 --> /admin/ds_taikhoan
INFO - 2024-05-01 21:55:53 --> 1
INFO - 2024-05-01 21:55:56 --> Session: Class initialized using 'CodeIgniter\Session\Handlers\FileHandler' driver.
INFO - 2024-05-01 22:21:32 --> Session: Class initialized using 'CodeIgniter\Session\Handlers\FileHandler' driver.
INFO - 2024-05-01 22:21:36 --> Session: Class initialized using 'CodeIgniter\Session\Handlers\FileHandler' driver.
INFO - 2024-05-01 22:21:41 --> Session: Class initialized using 'CodeIgniter\Session\Handlers\FileHandler' driver.
INFO - 2024-05-01 22:21:43 --> Session: Class initialized using 'CodeIgniter\Session\Handlers\FileHandler' driver.
INFO - 2024-05-01 22:21:43 --> admin
INFO - 2024-05-01 22:21:43 --> /admin/dstacvu
INFO - 2024-05-01 22:21:43 --> 1
INFO - 2024-05-01 22:21:48 --> Session: Class initialized using 'CodeIgniter\Session\Handlers\FileHandler' driver.
INFO - 2024-05-01 22:21:51 --> Session: Class initialized using 'CodeIgniter\Session\Handlers\FileHandler' driver.
INFO - 2024-05-01 22:21:54 --> Session: Class initialized using 'CodeIgniter\Session\Handlers\FileHandler' driver.
INFO - 2024-05-01 23:18:23 --> Session: Class initialized using 'CodeIgniter\Session\Handlers\FileHandler' driver.
INFO - 2024-05-01 23:18:26 --> Session: Class initialized using 'CodeIgniter\Session\Handlers\FileHandler' driver.
INFO - 2024-05-01 23:18:27 --> Session: Class initialized using 'CodeIgniter\Session\Handlers\FileHandler' driver.
INFO - 2024-05-01 23:18:27 --> admin
INFO - 2024-05-01 23:18:27 --> /admin/dstacvu
INFO - 2024-05-01 23:18:27 --> 1
INFO - 2024-05-01 23:18:29 --> Session: Class initialized using 'CodeIgniter\Session\Handlers\FileHandler' driver.
INFO - 2024-05-01 23:18:30 --> Session: Class initialized using 'CodeIgniter\Session\Handlers\FileHandler' driver.
INFO - 2024-05-01 23:18:31 --> Session: Class initialized using 'CodeIgniter\Session\Handlers\FileHandler' driver.
INFO - 2024-05-01 23:18:33 --> Session: Class initialized using 'CodeIgniter\Session\Handlers\FileHandler' driver.
INFO - 2024-05-01 23:18:37 --> Session: Class initialized using 'CodeIgniter\Session\Handlers\FileHandler' driver.
INFO - 2024-05-01 23:18:38 --> Session: Class initialized using 'CodeIgniter\Session\Handlers\FileHandler' driver.
INFO - 2024-05-01 23:18:38 --> admin
INFO - 2024-05-01 23:18:38 --> /admin/ds_taikhoan
INFO - 2024-05-01 23:18:38 --> 1
INFO - 2024-05-01 23:18:46 --> Session: Class initialized using 'CodeIgniter\Session\Handlers\FileHandler' driver.
INFO - 2024-05-01 23:18:48 --> Session: Class initialized using 'CodeIgniter\Session\Handlers\FileHandler' driver.
INFO - 2024-05-01 23:18:59 --> Session: Class initialized using 'CodeIgniter\Session\Handlers\FileHandler' driver.
CRITICAL - 2024-05-01 23:39:23 --> ErrorException: Undefined variable $cat
[Method: GET, Route: cate/gioi-thieu]
in APPPATH\Views\block\show_baiviet_theo_category.php on line 32.
 1 APPPATH\Views\block\show_baiviet_theo_category.php(32): CodeIgniter\Debug\Exceptions->errorHandler()
 2 SYSTEMPATH\View\View.php(234): include('C:\\OSPanel\\domains\\phunu.cantho.gov.vietnam\\app\\Views\\block\\show_baiviet_theo_category.php')
 3 SYSTEMPATH\View\View.php(237): CodeIgniter\View\View->CodeIgniter\View\{closure}()
 4 SYSTEMPATH\Common.php(1171): CodeIgniter\View\View->render()
 5 APPPATH\Controllers\BaiDangController.php(171): view()
 6 SYSTEMPATH\CodeIgniter.php(933): App\Controllers\BaiDangController->show_blog_danh_muc()
 7 SYSTEMPATH\CodeIgniter.php(509): CodeIgniter\CodeIgniter->runController()
 8 SYSTEMPATH\CodeIgniter.php(355): CodeIgniter\CodeIgniter->handleRequest()
 9 SYSTEMPATH\Boot.php(312): CodeIgniter\CodeIgniter->run()
10 SYSTEMPATH\Boot.php(67): CodeIgniter\Boot::runCodeIgniter()
11 FCPATH\index.php(56): CodeIgniter\Boot::bootWeb()
CRITICAL - 2024-05-01 23:51:23 --> Error: Object of class CodeIgniter\HTTP\IncomingRequest could not be converted to string
[Method: GET, Route: cate/gioi-thieu]
in APPPATH\Controllers\BaiDangController.php on line 158.
 1 SYSTEMPATH\CodeIgniter.php(933): App\Controllers\BaiDangController->show_blog_danh_muc()
 2 SYSTEMPATH\CodeIgniter.php(509): CodeIgniter\CodeIgniter->runController()
 3 SYSTEMPATH\CodeIgniter.php(355): CodeIgniter\CodeIgniter->handleRequest()
 4 SYSTEMPATH\Boot.php(312): CodeIgniter\CodeIgniter->run()
 5 SYSTEMPATH\Boot.php(67): CodeIgniter\Boot::runCodeIgniter()
 6 FCPATH\index.php(56): CodeIgniter\Boot::bootWeb()
CRITICAL - 2024-05-01 23:52:17 --> Error: Cannot access protected property CodeIgniter\HTTP\IncomingRequest::$uri
[Method: GET, Route: cate/gioi-thieu]
in APPPATH\Controllers\BaiDangController.php on line 158.
 1 SYSTEMPATH\CodeIgniter.php(933): App\Controllers\BaiDangController->show_blog_danh_muc()
 2 SYSTEMPATH\CodeIgniter.php(509): CodeIgniter\CodeIgniter->runController()
 3 SYSTEMPATH\CodeIgniter.php(355): CodeIgniter\CodeIgniter->handleRequest()
 4 SYSTEMPATH\Boot.php(312): CodeIgniter\CodeIgniter->run()
 5 SYSTEMPATH\Boot.php(67): CodeIgniter\Boot::runCodeIgniter()
 6 FCPATH\index.php(56): CodeIgniter\Boot::bootWeb()
CRITICAL - 2024-05-01 23:52:28 --> ErrorException: Undefined property: CodeIgniter\HTTP\IncomingRequest::$getUri
[Method: GET, Route: cate/gioi-thieu]
in APPPATH\Controllers\BaiDangController.php on line 158.
 1 APPPATH\Controllers\BaiDangController.php(158): CodeIgniter\Debug\Exceptions->errorHandler()
 2 SYSTEMPATH\CodeIgniter.php(933): App\Controllers\BaiDangController->show_blog_danh_muc()
 3 SYSTEMPATH\CodeIgniter.php(509): CodeIgniter\CodeIgniter->runController()
 4 SYSTEMPATH\CodeIgniter.php(355): CodeIgniter\CodeIgniter->handleRequest()
 5 SYSTEMPATH\Boot.php(312): CodeIgniter\CodeIgniter->run()
 6 SYSTEMPATH\Boot.php(67): CodeIgniter\Boot::runCodeIgniter()
 7 FCPATH\index.php(56): CodeIgniter\Boot::bootWeb()
